# Free Antibody:Complexed Antibody
:6zqk_0PH,6zqk_1H
1fvc_0,1fvc_1:
1n4x_1,1n4x_0:
1mco_0:
5whz_0:
:6x58_1P,5iq9_1P,6x58_0P,5iq9_0P
7mfb_0:
:5cba_1P,5cba_0P
:5cbe_0P,5cbe_1P
6s2i_2,6s2i_3:6s2i_0H,6s2i_1P
:1ap2_1P,1ap2_0P
:1mvu_0P
5tqa_0:6um6_0PH,6um6_1PH,6um6_2PH,5tqa_1P
:5dfv_1P,5dfv_0P
:6krz_2P,6krz_1P,6krz_0P,6ks1_0P,5lxg_0P,5lwy_0P,6yx9_0P,6ks0_0P,6yxd_0P
:5nph_0P
:6qno_0P,6qnk_1H,7o7f_0P,6qnk_0H
:6wer_0P,6weq_2P,6wer_1P,6weq_3P,6weq_0P,6weq_1P
6qbc_0:6fs0_0P,5mev_0P,5mes_0P,6qb6_0P
3eo0_1,3eo0_0:4kxz_3P,4kxz_1P,3eo1_0P,4kxz_2PH,3eo1_1P,4kxz_0P,3eo1_3P,3eo1_2P
5i30_0:
2vxv_0:4hjj_1P
1fn4_0,1fn4_1:
4hbc_0:
:1sm3_0P
:6cf2_0P,5dhz_0P,5dhy_1P,5dhv_0P,5dhv_1P,5dhy_0P
:2x7l_0P,2x7l_5P,2x7l_4P,2x7l_3P,2x7l_1P,2x7l_2P
1plg_0:
5hcg_0,5fhx_0:
3u7w_0:3u7y_0PH
5gs0_2,5gs0_3:
:1i3g_0H
:1j05_0P,1j05_1P
:6vug_0P
:5gs2_0P
5gs1_0,5gs1_12:5gs1_13P,5gs1_11P
5grv_0:
:6e1k_1P,6e1k_0P
:5xaj_3P,5xaj_0P
:6ot0_0P
:6vrl_0PH,6vrk_0PH,6vrh_0PH
5ihu_0,5e99_0:
6e9u_0:
6e8v_0,6e8v_1:6e8v_2P,6e8v_7P,6e8v_5P
:6e8v_3P,6e8v_6P
:6e8v_4P
6e9h_0:
6oo0_0:6opa_2P
6e9i_1,6e9i_0,6e9i_2:
4k3d_1:4k3d_0H
6e9g_0:
4k3e_1:
4k3e_0:
6e9k_0:
:4hg4_6P,4hg4_8P,4hg4_0P,4hg4_7P,4hg4_1P,4hg4_3P,4hg4_4P,4hg4_2P,4hg4_5P
6e9q_2,6e9q_3:6e9q_1P,6e9q_0P
5ijv_2,5ijv_3,5ijv_0,5ijv_1:
4ocw_0:
:4org_0P,4org_2P,4org_3P,4org_1P
4ocs_0:
4od1_0:
4od3_0:
5dt1_0:6vtt_0PH
4nug_0:6vpx_3PH,6mar_0PH,6dcq_1PH,6olp_1PH,6dcq_0PH,6mar_1PH,6olp_0PH
4ocr_0:
:6urh_0PH
4odh_0:
:7kfe_1P,7kfe_0P
4ut7_0:5n0a_1PH,5n0a_0PH
:5n09_0PH,5lcv_0PH,5n09_1PH,4utb_0PH
:5v8l_3PH,6nij_0PH
:5uxq_0P,5uxq_1P
:6xpz_1P,6xpz_0P
6ncp_0:6nc2_1PH,6nc2_4PH,6nc2_5PH,6ncp_1P,6nc2_0PH,6nc2_3PH,6nc2_2PH
6vi2_1,6vi2_0:6vi1_1P,6vi1_5P,6xmi_1P,6vi1_2P,6xmi_0P,6vi1_4P,6vi1_0P,6vi1_3P
:7niv_1P,7niw_0P,7niu_1P
:5kaq_0PH,5kaq_1PH,5kaq_2PH
:6oej_0PH,6oej_1PH,4fz8_0H
4rqq_2,4rqq_1:4rqq_0P
:6ml8_0P
3u1s_0:
6umh_0,6umj_0,6umi_0,6umh_1:6umg_1P,6umg_0P
:4dqo_0PH
3mug_1,3mug_4,3lrs_1,3mme_0,3mme_1,3mug_3,3lrs_0,3mug_0:3mug_5PH,6ulc_0PH,3lrs_3P,6pwu_0PH,3mme_2P,3mug_2PH,3lrs_2P
:5u1f_0P
:4fp8_1P,4fp8_3P,4fp8_0P,4fp8_2P,4fnl_1P,4fnl_0P
4lri_1,4lri_0:7lbg_1P,7lbe_1P,7lbf_1P
:5ty6_0H
:5umn_0PH,5umn_1PH
:5eu7_1P,5eu7_0P
:6d0u_0P,6d0u_2P,6d0u_1P,6d0u_3P
5u4r_1,5u4r_0:
:7n64_0PH
5uix_0:
:4utb_1PH
:5wob_0P,5wob_3P,4m1c_1P,5wob_6P,5wob_2P,4m1c_0P,5wob_4P,4iof_1P,5wob_5P,4iof_0P
:5wob_1P
:7rth_6P,7rth_1P,7phq_3P,7phq_0P,7rth_3P,7rth_0P,7rth_4P,7rth_2P,7rth_8P,7php_0P,7rth_7P,7rth_5P,7pij_0P
:3ztj_0PH,3ztn_0PH,3ztj_2PH,3ztj_1PH
:5c8j_0P,5c8j_3P,5c8j_1P,5c8j_2P
:7kfb_2PH,7kfb_1PH,7kfb_0PH
4nwu_0:
:1za3_1P,1za3_0P
:6e56_0P,6e56_1P
5uy3_0:5uy3_1P
:6p3s_6P,6p3s_5P,6p3s_4P,6p3s_7P,6p3s_3P,6p3s_1P,6p3s_2PH,6p3s_0P
:3efd_0P
:6p3r_1P,6p3r_0P
:6cw2_0P
:4ydk_0PH
3u36_2,3u36_0,3u36_3:3u36_1P
4ers_0:5xf1_0P,5xez_1P,5xez_0P,5xf1_1P
:5w2b_0P,5vkd_0P
:3skj_1P,3skj_0P
:5y2m_0P,5y2m_1P,5y2l_0PH
5y2k_1:5y2k_3P,5y2k_0P,5y2k_2P
:3idx_0PH,3idy_0PH,3idy_1PH
:3bn9_0P,3bn9_1P
:5cjo_0P
:7jie_0P,7jie_1P
6u8c_0:5bjz_1P,5bjz_0P
4uv4_0:
:7dm1_1P,7dm1_0P
4nuj_0:
:4lf3_0P,4lf3_1P
:7m42_1P
:4ydj_1PH,4ydj_0PH
:6opa_1PH,3tyg_0PH
:6b3d_0H,3tv3_0H
:7rw2_2P,7rw2_0P,7rw2_1P
:5fgb_1P,5fgb_0P
:7czu_1P,7czu_0P,7czv_0P,7czv_2P,7czv_1P
3q6g_0:3q6g_1P
:7orb_1P,7orb_3P,7beo_3P,7ben_1P,7ben_3P,7beo_1P
6nb8_0:6nb6_1P,6nb7_2P,6nb7_0P,6nb6_0P,6nb7_1P
:4wv1_0P,4wv1_1P
6jfi_1,6jfh_1,6jfh_2,6jfh_0,6jfi_0:6jep_1P,6jep_0P
:6ww5_1P,6ww5_0P
:5fgc_0P
:7rkv_2P,7rks_0P,7rkv_1P,7rks_1P,7rkv_0P
:6xxv_0P,6xxv_1P
:7kqh_0P,7kqh_1P
:7kzx_0P,7kzx_1P,7kzz_1P,7kzz_0P
:7dpm_0P,7dpm_3P,7dpm_1P,7dpm_2P
5feh_0,5feh_2,5feh_1:
:3twc_0H
:5c7k_0PH,5jsa_0PH,5js9_0PH
:5dup_0P
:7bpk_1P,5gzn_0P,7bpk_0P,5gzn_1P
:4xmm_0P
:6cmo_0P
:6dc3_0P
:5bk2_1P,5bk2_0P
4fql_0:
6u8c_1:
:3grw_0P
:7kfh_1P,7kfh_0P,7kfh_2P
:4nnp_1P,4nnp_0P
6qn8_5,6qn8_1,6qn8_0,6qn8_2:6qn8_4P,6qn8_3P
6qna_2,6qna_3,6qna_0:6qna_1P
:7niu_0P,7niv_0P
:3pnw_4P,3pnw_3P,3pnw_2P,3pnw_1P,3pnw_0P,3pnw_7P,3pnw_5P,3pnw_6P
:5esv_2PH,5esv_1PH,5esv_0PH
:7kqg_0P
1rzf_0:
:5w08_4PH,5w08_5P,5w08_0P,5w08_3P,5w08_1P,5w08_2P
:5e08_0N
3tcl_0,3tcl_1:5esz_0PH
:5esz_1PH
3u46_0,3u4b_0,3u46_1:
:3u4e_1PH,3u2s_1PH,3u4e_0PH,3u2s_0PH
5vvf_0:5viy_1PH,5viy_0PH
:6n8d_0P,6n8d_1P
4jm4_0:4nzr_0P,4jm2_0PH
:5w1k_0PH,5w1k_4PH,5w1k_7PH,5w1k_2PH
:6woz_3P,6woz_0P,6woz_2P,6woz_1P
:7jhg_0P,7jhh_0P
:6ur5_1P,6ur5_0P
:5w0d_0PH
:7kqi_0P
:5u3j_0P
:3sob_0P
:6lxk_0P,6lxk_1P,6lxk_2P
2pr4_0:1u8m_0P,3d0v_0P,3d0l_0P,3idm_0P,1tjg_0P,3mod_0P,3drq_0P,3idg_0P,3dro_0P,1tji_0P,3drt_0P,3moa_0P,1u93_0P,3idn_0P,3bqu_0P,2pw2_0P,1u8n_0P,2pw1_0P,3lev_0P,3idi_0P,3idj_0P,1u8h_0P,1u8k_0P,1u91_0P,1u8q_0P,2p8l_0P,1u8o_0P,3mob_0P,1u8p_0P,1u95_0P,1u8l_0P,1tjh_0P,1u8j_0P,1u8i_0P,2f5b_0P,2p8m_0P,1u92_0P,2p8p_0P,3egs_0P
:4xx1_0P,4xx1_1P,5bv7_1P,4xx1_2P,4xwg_0P
3jcc_0,4jy5_0:5fyj_1PH,5fyk_1PH,5u7m_1PH,4nco_1PH,6b0n_1PH,6de7_1PH,5wdu_6PH,5utf_0PH,4tvp_0PH,6vlr_1PH,6vlr_0PH,5i8h_0PH,4nco_2PH,6vlr_2PH,5wdu_10PH,5fyl_1PH,3jcb_0P,5i8h_3PH,4nco_0PH,5u7o_1PH,5wdu_8PH,5uty_1PH
4fqq_3,4fqq_2:4fqq_1P,4fqq_0P
5ggu_0,5ggu_1:5ggv_0P
:5u3k_1P,5u3l_1P,5u3k_0P,5u3l_0P
:5u3o_0P
4fq2_0:6udk_0PH,5t3x_0PH,6v8z_4PH,6okp_0PH,6v8z_2PH,6orn_0PH,6v8z_0PH,6udk_2PH,6udk_1PH,6orn_2PH,6orn_1PH,6ccb_1PH,6ccb_0PH,5t3z_0PH
:4xny_0P
7buf_0,7bue_1,7bue_2,7buf_1,7bue_0:7bu8_0P,7bud_1P,7bud_0P,7bua_0P,7bub_0P,7bub_1P,7bua_2PH,7bu8_1P,7bua_1PH,7bu8_2PH
:4i18_0P,4i18_1P
4jy6_0,4jy6_1:
:6muf_1PH,6mtj_1PH,6vzi_1PH,6mug_1PH,6wix_1PH,6ck9_1PH,5cez_0PH,6w03_1PH,6nnf_1PH,5v7j_0PH,6mu8_1PH,6mtn_1PH,6nnj_1PH,6mu6_1PH,6nm6_1PH,6mu7_1PH
:5u3n_0P
6phh_1,6phh_0:6phc_0P,6phc_1P
2hff_1,2hff_0:
:5cex_1P,5cex_0PH
:5w6d_0PH
4f58_2,4f58_1:4f58_3P,4f58_0P
4f57_0:
:3so3_0PH
2f5a_0:
4fqc_0,4fq1_0,4jy4_0:
:4nzu_0H
:3thm_0PH
:6d11_0P,6d11_1P
:6azm_0P,6azm_1P
:6lxi_1PH,6lxj_0P,6lxi_0PH,6lxj_3P
:6lxj_2P,6lxj_1P
6wgj_3,6wgk_1,6wgb_1,6wgj_0,6wg8_0,6wgb_0,6wgj_2,6wgk_0,6wgj_1:6wgk_2P,6wgk_3P,6wgl_0P
4gxv_0,4gxv_1:4gxu_5P,4gxu_2P,4gxu_0PH,4gxu_1P,4gxu_4PH,4gxu_3P
:5d9q_0PH,5d9q_3PH,5d9q_6PH
6ca7_0:
:7che_1P,7chf_1P,7chh_2P,7chc_1P,7chh_0P,7chh_1P
:7e8f_1P,7e8c_8P,7e8c_2P,7e8c_3P
:3tje_0PH
4r26_0:6ce0_1PH,6mco_1PH,7kmd_1PH,4r2g_3PH,5t3s_0PH,5um8_0PH,6ieq_0PH,4r2g_2PH,6mdt_1PH,4r2g_1PH,4r2g_0PH
:6usf_1P,6usf_0P
:5u3m_0P
:7llk_2PH,7llk_1PH,7llk_0PH
:6cmi_0P,6cmg_0P
:6ii8_0P,6ii8_1P,6ii8_2P
5cey_1,5cey_0:
:2hfg_0P
:6fg2_1P,6fg2_0P
:4s1r_0P
:6umx_1P,6umx_0P
6amm_0:
6amj_0:
5u3p_0:
4c2i_0,4c2i_1:
:6cbv_0P,6ww2_0P
:4hha_0P,4hh9_0P,4hh9_1P
:6ca6_1P,6ca6_0P
:5wob_7P
:7mzm_0P
:5d1x_1P
:5d1q_1P
:7dm2_0P
6phg_0:
:6b0a_0P
:7keo_1P,7keo_0P
:6opa_0PH
:6ce0_0PH,6mdt_0PH,5t3s_1PH,7kmd_0PH,6ch8_0PH,6ch7_0PH,6v6w_2PH,6v6w_0PH,6ieq_1PH,5v7j_1PH,6ch9_0PH,5um8_1PH,6mco_0PH,5cez_1PH,6utk_0PH,5w6d_1PH
4npy_1,4npy_0:
7mfa_5,7mfa_3,7mfa_1,7mfa_4:7mfa_2P,7mfa_0P
:6o23_1P,6o23_0P
:2qqk_0P,2qql_0P
5jr1_0:
5jo5_2,5jo5_1:5jo5_0P,5jo5_3P
5jny_0,5jny_1:6vpx_0PH,4u6g_0P,5t6l_0P,5t85_0PH,5t80_0PH,4u6g_1P,4g6f_1P,6vpx_2PH,5t6l_1P,4g6f_0P,5ghw_0P,6vpx_1PH
:5t5b_0P,5t5b_1P
:5t29_0P
:5tfw_0P
:5sy8_0P
:6m3b_0P
:7kf9_2PH,7kf9_0PH,7kf9_1PH
5vz1_1,5vz1_0,6b6z_1,6b6z_0:
6ca9_0,6ca9_1:
:5vj6_0P
6pzh_0,6pzh_1:6pzw_1PH,6pzw_0PH,6pzw_2PH,6pzw_3PH
7mf7_0:7mf7_1P,7mf7_3P,7mf7_2P
:6uye_1PH,6uye_2PH,6pci_4PH,6pci_0PH,6pci_2PH,6uye_0PH
4toy_0:5uty_0PH,5u7o_0PH,5fyj_0PH,5fyl_0PH,4tvp_1PH,5wdu_11PH,6de7_0PH,5utf_1PH,5fyk_0PH,5u7m_0PH,5wdu_9PH
:5wdu_7PH
7mf8_0,7mf9_1,7mf9_3:7mf9_4P,7mf9_2P,7mf9_0P
:6cyf_3P,6cyf_1P,6cyf_0P,6cyf_2P
5wcc_1,5wcc_0:
:4kvn_0PH
:3eff_0P,3eff_1P
:3pjs_0P,3pjs_1P
:5wdf_0P,5wdf_1P
:4g80_3P,4g80_0P,4g80_1P,4g80_2P
:6pi7_0P,6pi7_1P
:4yaq_1P,4yaq_0P
:7ld1_1P,7ld1_2P,7ld1_0P
:7e7y_1P,7e7y_0P
:6db7_0P,6db7_1P
:4ot1_0P
4osu_0:7kdd_1PH,7kdd_0PH,7kdd_2PH
:3ghb_1P,1q1j_1P,1q1j_0P,3c2a_0P,4m1d_0P,3c2a_1P,4m1d_1P,3ghb_0P
:4lsr_0P,4lsq_0PH
:4lsp_0PH,6nnj_2P
:4s1q_0P
6dez_0,6dez_1:
4o5l_0:4o5i_1PH,4o5i_0PH,4o5i_2PH,4o5i_5PH,4o5i_4PH,4o58_0P,4o5i_3PH
:6mam_1P,6mam_2P,6mam_0P
:7coe_0P,7coe_1P
:6mwn_0N,6mwn_1N
:6xrt_0PH
:5bk1_0P,5bk1_1P
7jkm_0:
6cnr_0:6co3_0P
:7l7e_5P,7l7e_1P,7l7e_6P,7l7e_2P
:7n4j_0P
3qeg_0:
:5tpn_0P
:6n81_1P,6n81_0P
:4ut6_1PH,4ut6_0PH
:2xtj_0P
:5eii_1P,5eii_0P
:6uoe_0P
5wcd_0:
5odb_0:
:4xmp_0PH
:4jb9_0P
:6x5n_0N,6db8_0N,4kze_0N,6b3k_0N,6x5m_0N,3ivk_0N,6x5m_1N,6db9_0N,4q9r_0N,6x5n_1N,4kzd_0N,4q9q_0N,3ivk_1N
:6b14_0N
:7mlx_0N
6w7s_0:
:5iq7_0P
5ihz_3,5ihz_0,5ihz_1,5ihz_2:5ifj_1P,5ig7_1P,5ig7_0P,5ifj_2P,5ig7_3P,5ifj_0P,5ifj_3P,5ig7_2P
4jo4_1:4jo3_1P,4jo3_0P,4jo4_0P
4nrz_0,4nrz_1:
4nry_1,4nrx_2,4nry_0:4nrx_1P,4nrx_0P
:6u0l_2P,6u0n_1PH,6u0l_1P,6u0n_2P,6u0l_0P,6u0n_0P
:7k90_2P,7k90_1P,7k90_0P
:6e3h_0P
6uum_0,6uum_1:6v6w_3H,6v6w_1H
:3g6j_0P,3g6j_1P
:5jxa_0H
:6p95_2P,6p95_0P,6p95_1P
6okq_1:6okq_0P,6okp_2PH,6okp_1PH,6okp_3PH,6okq_2P
:6wf1_0PH
:6wex_0P
6uul_0,6uul_1:
1rhh_1:2b4c_0P,1rhh_0P
:7n62_0P
:2qsc_0P
:5vk2_0P,5vk2_2P,5vk2_1P
:7r9d_0P
6idk_2,6idi_1,6idk_0,6idk_1,6idl_0,6idl_1,6idi_0,6idi_2:
:7mtb_0P
:6v4o_3P,6v4o_2P,6v4o_1P,6v4o_0P
:5oca_0P,3h42_0P,4k8r_1P
:4hf5_0P
6q1a_0:
:2qqn_0P
:7r8n_2P,7r8n_0PH,7r8n_1PH
:5cws_1P,5cws_0P
:7ntc_0P
:7ls9_0P,7ls9_2P,7ls9_1P
6q1g_0:6q18_0P
6q1e_0:6q0e_0P
:6cw3_1P,6cw3_0P
:6v8z_1P,4cc8_2P,4cc8_0P,6v8z_3P,6v8z_5P,3se8_0P,6e5p_5P,4cc8_1P,6e5p_8P,6e5p_3P
:7rxd_0P,7rxc_0P
:6ppg_0P,6ppg_1P
:6udk_3P,6udk_4P,6udk_5P
:6glw_1P,6glw_0P
:5wi9_1P,5wi9_0P
6q1k_0:6q0i_0P,6q0l_0P,6q0h_0P
:7mta_0P
6uuh_0,6uuh_1:6utk_1PH
5y0a_0,5y0a_2:5y0a_1P
6q1j_0:6q0o_0PH
:6q23_1P,6q23_3P,6q23_0P,6q23_2P
6q19_0:
:6q20_0P
:7s0c_1P,7s0c_0P
:4xmn_0P
4oaw_1,4oaw_0:
6j9o_0:
:6q1z_0P,6q1z_1P
:4m6o_0H
:7ey5_1P
3piq_3,3piq_1,3piq_2,3piq_5:3piq_0P,3piq_4P
:6wf0_0P
:6wez_0P
:6e4x_0P
:6p91_0P
7jmx_0:7lq7_5P,7jmw_0P,7lq7_3P,7lm8_0P,7lq7_4P
4zyk_0,4zyk_1:4zyp_1P,7mmn_1P,7mmn_2P,7mpg_1P,4zyp_3P,7mpg_2P,4zyp_2P,7mpg_0P,7mmn_0P
:6uta_0P,6uta_1P
4iml_1,4iml_0:
4imk_0:4imk_1P
7dun_0:7dha_0P,7duo_0P
:6dfg_0PH,6dfg_2PH,6dfg_1PH
:4dke_1P,4dke_0P
:6pdx_0P,6pdx_1P,6pdx_2P
7ke1_0,7ke1_1:7ket_0P
:6xkp_0P,6xkp_1P
:1w72_1P,1w72_0P
1rzi_5,1rzi_4,1rzi_1,1rzi_0,1rzi_2,1rzi_6:1rzi_3P,1rzi_7P
6rcs_0:6rcv_3P,6rcu_1P,6rcv_1P
:7luc_5P,7luc_3P,7luc_4P
6hkg_0:6hkg_1P,6hjp_0P,6hjq_1P,6hjq_0P,6hjq_2P,6hjp_1P,6hjp_2P
6p9j_1,6p9j_0:
6qn7_0,6qn7_1:
6qn9_0:
:6pzy_0P,6pzy_1P,6pzy_2P,6pzy_3P
:7cbp_0P,7cbp_1P
6apc_0:6apd_5P,6apd_3P,6apd_4P
7rku_2,7rku_0:7rku_1P,7rku_3P
:6xq0_1P,6xq0_0P
3giz_0:6y92_1P,6y92_0P
:6mug_0PH,6mtn_0PH,6vzi_0PH,6mu8_0PH,6w03_0PH,6mu7_0PH,6nm6_0PH,6nnf_0PH,6wix_0PH,6mu6_0PH,6nnj_0PH,6mtj_0PH
:7dc8_0P,7dc8_1P
:7mjs_0P
:6n5e_0P,6n5e_2P,6n5e_1P
:6u8d_0N
:6nm6_2P
:7l56_1PH,7l56_0PH,7l56_2PH
:6snh_0P,6sni_0P
:6wit_1P,6wit_0P
7k8q_0:7k8x_1P,7k8x_0P,7k8y_0P
:7e3o_0P
:6xq2_0P,6xq2_1P
:6nf5_0PH,6nf5_2PH,6nf5_4PH
:6xq4_1P,6xq4_0P
5ud9_0:6chb_0P,6ch9_1PH,6chb_3P,6ch8_1PH,6chb_5P,6ch7_1PH
6ea7_2,6ea5_2:6dzl_1PH,6dzl_2PH,6ea5_1PH,6dzm_2PH,6dzl_0PH,6dzm_0PH,6dzm_1PH
6dzn_0:
:6ea7_1PH
:6ea5_0PH,6ea7_0PH
:5uem_0P
1r24_0,1r24_1:
:6bkd_0P
:3kr3_0P
:6dfh_1PH,6dfh_2PH,6dfh_0PH
5uel_0:
3g6a_0:3g6a_1P,3g6d_0P
:1rzg_1H,1rzg_0H
:6r8x_0P
:1tzh_1P,1tzh_0P
:4xvu_2P,4xwo_4P,4xvu_3P,4xwo_2P,4xwo_7P,4xtr_0P,4xvu_0P,4xtr_1P,4xwo_6P,4xwo_0P,4xwo_1P,4xvu_1P,4xwo_5P,4xwo_3P
:7jmp_0P
1bz7_0:
:4dag_0PH
1zvo_1,1zvo_0:
:3ghe_0P
1aqk_0:
:6ck9_0PH,6muf_0PH
4k7p_0:
:7lcv_0P
:5x08_0P
:7eo0_0P
:6wn1_0P,6wn1_1P
:7nxb_0P,6zcz_1P,6zer_1P,7nx8_0P,6zfo_0P,7nx7_0P,6zdh_2P,6zdg_0P,6zfo_1P,6zdh_0P,6zer_0P,7nxa_0P,6zdh_1P,6zdg_2P,7nx9_0P,6zdg_1P,7nx6_0P,6zer_2P
:7kde_0PH,7kde_1PH,7kde_2PH
:7c2l_0P,7c2l_2P,7c2l_1P
:5vn3_0P,6x5b_0P,6opp_2P,6opo_1P,6opp_0P,6opq_0P,6opq_2P,5vn3_1P,6opo_2P,6opq_1P,6x5b_1P,6opo_0P,1gc1_0P,6x5b_2P,5vn3_2P,6opp_1P
5dd3_0:
5dd1_0:5dd0_0P
:7l2d_0P
:6phd_0P
:6u8k_2N,6u8k_1N,6u8k_0N
:4xnz_0P,4xnz_1P,4xnz_2P
:7jtg_0P
6amj_1:
7jxe_0:7r6w_1P
:2nxz_0PH,5a8h_0P,1rz8_1P,4jm2_1P,6cm3_0P,1rzk_0P,2i60_0P,2ny4_0P,5a8h_2P,2ny1_0P,2ny6_0P,5thr_1P,7klc_1P,5thr_2P,7lok_1P,2ny3_0P,5a8h_4P,7lo6_2P,2ny5_0P,7lok_0P,2i60_1P,1yyl_1P,4rqs_0P,1yym_0P,7lo6_0P,6cm3_1P,5a7x_0P,6cm3_2P,5a7x_2P,7lo6_1P,2i5y_0P,1yyl_0P,2ny2_0P,1rz8_0P,2i5y_1P,2ny0_0P,1rzj_0P,5thr_0P,2nxy_0P,1yym_1P,5a7x_1P
:5kan_2P,5kan_1P,5kan_0P
:5d1z_2P,5d1z_1P
:7czx_1P,7czx_2P,7czx_0P
:7s0d_1P,7s0d_2P,7s0d_0P
5h30_0,5h30_1,5h32_0,5h30_2,5h32_2,7c2s_1,5h32_1,7c2s_0:4ut9_0P,4ut9_3P,4ut9_1P,5h37_1P,5h37_2P,7c2t_0P,4ut9_2P,7c2t_1P,5h37_0P
:7bel_0P,7ora_2P,7ora_0P,7bel_2P
4rnr_1,4rnr_0:
5jw5_0,5jw5_1:5jw4_4P,5jw4_0P,5jw4_3P,5jw4_2P,5jw4_1P,5jw3_0PH,5jw4_5P
4nyl_2,4nyl_1,4nyl_3,4nyl_0,6cr1_0:
:6oz4_0PH,6oz2_0PH
:5k9q_3PH,5k9q_5PH,5k9q_2PH,5k9q_1PH,5k9q_0PH,5k9q_4PH
6rcq_0:6rcv_0P,6rcv_2P
:6sne_2PH,6snc_1PH,6sne_0PH,6snd_0PH,6sne_3PH,6snc_0PH,6sne_1PH,6snd_1PH
3q6f_0,3q6f_3,3q6f_2,3q6f_5:3q6f_4P,3q6f_1P
:6mqe_0P,6mqe_1P
:5occ_0P
7kfg_0:7kej_2P,7kej_1P,7kej_0P
:5jz7_3P,5jz7_0P,5jz7_1P,5jz7_2P
3p0v_1,3p0v_0:3p11_0P,3p0y_0P
:7d5z_3P,7d5z_1P,7d5z_0P,7d5z_2P
:6otc_0P
3u6r_1,3u6r_0:
:2fjh_0P,2fjh_1P
6w51_2,6w51_0,6w51_3:6w51_1P
:6pbw_0P
:7cm4_0P
:3kdm_0H,3kdm_1H
:6o25_1P,6o25_0P,6o25_2P
:4nwt_0H
:6ukj_0P
:6vn1_0P,6vn1_2P,6vn1_1P
:2r8s_0N
:5alb_0H
5dd5_0:
:4xi5_0P
:7cho_0P,7cho_1P
:6vi0_1PH,6vi0_2PH,6vi0_0PH
6mts_0:
:7d03_0P,7czw_0P,7czw_1P
7m1c_0:7m30_1P
:7s0e_0P
4lkc_0:4k8r_0P
:7s0b_1P,7s0b_0P
:6gku_0P
:1g9m_0P,1g9n_0P
:7lab_1P,7lab_2PH,7lab_0P
5dd6_1:5dd6_0P
:6eay_0P
5bzw_0:
:4uta_1P,4uta_0P
:5vl7_0P
:2qad_0P,2qad_1P
6tcr_0,6tcq_0:5g64_1P,5g64_0P
6tcn_0,6tcn_1,6tco_1,6tcp_3,6tcp_1,4x7s_0,4x7t_1,5hys_0,6tcm_0,6tcp_2,6tco_0,2xa8_0,4x7t_0,5hys_3,6tcp_0:5hys_2P,5hys_1P
:7l5b_0P,7l57_0P
:3bdy_0P,3be1_0P
6bhz_0,4hkz_0,6bi0_1,6bhz_1,5xhg_1,6mh2_1,6bi0_0,6bi2_1,5xhf_0,6bi2_0,6mh2_0,4ub0_0,5xhf_1:5xhg_0H,6oge_1P,1n8z_0P
1fve_1,1fve_0:
:5alc_0H
5awn_0:
7k8p_0:7k8v_0P,7k8v_1P
:4xvj_0P
:6j11_1PH,6j11_0PH,6j11_2PH
:5cck_0H
:3wd5_0P
5bzd_1,5bzd_0:
5cip_0,5cip_1,4xcy_4,4xbg_5,4xbg_0,4xbg_3,4xcc_0,4xcn_4,4xbg_4,4xcn_1,4xcn_0,4xbg_1,4xbp_1,4xcn_5,4xcn_3,4xcy_2,4xbp_3:4xcy_1P,4nhc_0P,4xbe_0P,4wy7_0P,4ngh_0P,4xcn_2P,4xce_0P,4xcf_0P,1tzg_0P,2fx8_2P,4xcy_3P,2fx8_0P,2fx8_1P,4xcy_0P,4xce_1P,4llv_2P,4xc3_0P,4xbg_2P,4xbp_0P,2fx8_3P,2fx9_1P,4xcy_5P,4xce_2P,4llv_1P,1tzg_1P,4xaw_0P,4xc1_0P,4llv_3P,2fx7_0P,2fx9_0P,4xbp_2P
:4llv_0P
6ws6_2:7r6x_1PH,6wpt_1PH,6wpt_0PH,7bep_3PH,6ws6_1PH,7bep_1PH,7l0n_0PH,6wps_1PH,6ws6_0P,7jx3_0P,6wps_2PH,6wps_0PH,7r6w_0P,7l0n_1PH
6mtr_0:
:6um7_0PH,6um7_1PH,6um7_2PH
5u3d_0,5u6a_0,5u5m_0,5u5f_0,6b9z_0,6bah_0,6b9y_0,6bae_0:
4ioi_0,4hjg_0:
:7ll1_0PH,7lg6_0PH,7ll1_1PH,7lg6_4PH,7lg6_2PH,7ll1_2PH
:6my5_0P,6my5_1P
:6mxs_1P,6mxs_0P
:2or9_0P,2orb_0P,2or9_1P,2orb_1P
:6my4_0P,6my4_1P
:6mxr_1P,6mxr_0P
:6ol6_1P
:6ol5_1P
:4zs6_0P,4zs6_1P
:6mtq_0P
4z8f_0,4z95_0:4odu_1P,4odt_0H,4odu_0P
:7bel_1PH,7nd4_0PH,7nd4_1PH,7nd4_2PH,7bel_3PH
7jz4_0:7jz4_1H
5nst_0,5nst_1:
:3dvn_0P,3dvn_1P
:4rgo_0P,4rgn_0P,4rgn_2P
:6o3a_0PH
:5u15_1P,6um5_1PH,5u15_0P,6um5_0PH,6um5_2PH
:7m6h_1P,7m6h_0P
:6ous_5P,6ous_0P,6ous_2P,6ous_4P,6ous_1P,6ous_3P
:4j4p_1PH,4j4p_0PH
5tdo_0,5tdo_1:
4lrn_0:4m8q_0P,4m8q_1P
:4zfg_0P,4zff_0P,4zff_1P
:2fjf_3P,2fjf_8P,2fjf_10P,2fjf_9P,2fjf_5P,2fjf_6P,2fjg_1P,2fjf_7P,2fjf_1P,2fjg_0P,2fjf_2P,2fjf_4P,2fjf_0P,2fjf_11P
:6bck_0PH
:7kfw_1P,7kfw_0P,7kfw_2P
1hzh_0,1hzh_1:2ny7_0PH,5vn8_0PH,5vn8_1PH,1n0x_0P,3ru8_0P,5vn8_2PH,1n0x_1P
:7kxk_1P,7klh_1P,7kxk_2P,7kml_2P,7kxj_1P,7kxk_0P,7klh_0P,7kml_1P,7kml_0P,7kxj_2P,7kxj_0P,7kmk_1P,7kmk_0P
:7klg_1P,7klg_0P
:6bgt_0P
:5xrq_1P,5xrq_0P,5w42_0P
7kba_0:7kbb_0P
:4glr_0P,4glr_1P
:6xpy_0P
6peh_0,6peh_1:6p65_2PH,6p65_0PH,6p65_1PH
4eow_0,5zmj_0:
:7bwj_0P
:6wiy_0H,6wiz_0P
6mee_0,6mee_1:6meh_0PH
5tdp_1,5tdp_0,5tdn_1,5tdn_0:
6oc7_0:6nfc_1PH
2a9n_1:
2a9n_0:
:2h9g_1P,2h9g_0P
:6wio_0P,6wir_0P
:6whk_0P
:4m62_0P,4m62_1P
:6nnf_2P
:6fg1_0P
:7l2f_2P,7l2f_0P,7l2f_1P
5tpl_0:6cbj_0H
7kba_1:
7jln_1:
:6ol7_4PH,6ol7_1PH,6ol7_6PH,6ol7_3PH
:7ly9_0P
5ubz_0:
5cgy_0,5cgy_1:
:3mlx_1P,3mly_0P,3mlz_0P,3mly_1P,3mlx_0P
:6nmr_3P,6nmr_0P,6nmr_2P,6nmr_1P
:3lh2_1P
:3lh2_3P,3h3p_0P,3lh2_2P,3lh2_0P
:3lhp_0P,3h3p_1P,3lhp_1P
1fvd_0,1fvd_1:
4ob5_0:4odx_0P,4odx_1P
2a9m_0:2a9m_1P
:7kfx_0P
:6c6z_1P,6c6z_0P
:4xgz_3P,4xgz_0P,4xgz_5P,4xgz_1P,4xgz_7P,4xgz_9P,4xgz_4P,4xgz_11P,4xgz_10P,4xgz_8P,4xgz_2P,4xgz_6P
:3dvg_0P
:5tud_1P,5tud_0P
:7k8w_1P,7k8w_0P
:7mf1_0P
:6hhc_0P
:6o3b_1P,6o3b_0P
6wj0_0:6wj1_2PH,6wj1_0PH,6wj1_1PH
:7kfv_1P,7kfv_2P,7kfv_0P
:6mid_0P
:7kfy_0P
:5ug0_0P
:7ekb_0P
:6mb3_7P,6mhg_2P,6mhg_5P,6mb3_6P,6mhg_0P,6mb3_2P,6mb3_5P,6mhg_8P,6axk_0PH,6mhg_10P,6mhg_7P,6mb3_8P,6mb3_4P,6mb3_0P,6mhg_3P,6mhg_1P,6mb3_1P,6mb3_3P,6mhg_4P,6mhg_6P,6mhg_9P
:6vln_0P,6ulf_0P,6o24_0PH
:3nh7_2P,3nh7_1P,3nh7_3P,3nh7_0P
:6w4m_0P
:6o39_0P
:7chz_0P
6p9i_1,6p9i_0:
5od8_0:
5tpp_0:
:6wfy_0P
:5xhv_0P,5xhv_1P
1tzi_0:
6nb5_0,6nb5_1:6nb3_1PH,6nb4_0PH,6nb3_0P
5u0r_0:
:6vy6_0P,6vy5_0P
:3r1g_0P
3x3g_0:3x3f_0P
4hk0_1:4hk0_0P
:7lxz_3P,7lxx_0P,7lxz_5P,7lxz_1P
:3pgf_0P
:5t3x_1P,5t3z_1P,6chb_1P,6chb_4P,6chb_2P
:4ye4_0P
5i1d_1,5i1d_0:
:5i1c_0H
5i19_0:
5i1a_1,5i1a_0:
:5yoy_2P,5yoy_5P,5yoy_0P,5yoy_4P,5yoy_3P,5yoy_1P
:6xpr_0P,6xpr_1P
:4xh2_0P,4xh2_5P,4xh2_4P,4xh2_1P,4xh2_2P,4xh2_3P
:4ywg_1P,4ywg_0P
4hqq_0:4hpo_0P
:7dzx_0P
:7k3a_2P,7k3a_0P,7k37_2P,7k3a_1P,7k39_1P,7k37_0P,7k37_1P,7k39_0P,7k39_2P,7k3b_1P,7k3b_2P,7k3b_0P
3gje_0,3gje_1:3gjf_1P,3gjf_0P
:5udc_1P,5udc_0PH,5udd_3P,5udd_4P,5udc_2P,5udd_0P,5udd_2P,5udd_1P
:5udd_5P
:4ubd_5PH,4ubd_2P,4ubd_3PH,4ubd_4P,4ubd_1P,4r8w_0PH,4ubd_0PH
4hkb_2,4hkb_4:4hkx_0P,4hkb_5P,4hkb_1P,4hkb_3P,4hkb_0P
3qhz_0:
:6ktr_1P,6ktr_0P
3ijy_1,3ijh_1:3ijs_1H,3ikc_1H,3ikc_0H,3ijy_0H,3ijs_0H,3ijh_0H
:6uyd_1P,4mwf_1PH,4mwf_0PH,6uym_0PH,6uyd_0P,6uym_1PH
:6nmu_1P,6nmu_0P
:6uyg_0P,6bkb_0PH
:7c01_0P,7c01_1P
2ig2_0,2fb4_0:
:4rrp_2P,4rrp_5P,4rrp_0P,4rrp_4P,4rrp_1P,4rrp_3P
:3mlw_0P,3mlw_1P
6obz_0,6obz_1:6oc3_0P,6ocb_0P,6oc3_1P
:6wzk_0P,6wzl_1P,6wzm_1P,6wzm_0P,6wzl_0P,6wzk_1P,6wzj_0P,6wzj_1P
:6xpq_0P
4wuk_0:5ugy_0P,5ugy_2P,5ugy_1P
:6m58_0P,6m58_1P
:1ikf_0P
:5bv7_0P
:1f58_0P,2f58_0P,3f58_0P
:7m6f_0P,7m6f_1P
:7n3c_0P
7jxc_0:7jx3_1P
4jha_0:6s3d_3P,6s3d_0P,6s3d_2P,6s3d_1P,4jhw_0P
:5cil_0P
:3hzv_0H,3hzk_0H,3hzm_0H
:7df9_0P,7dfb_0P,7dfc_0P,6u1n_0P,7dfa_0P,4jqi_0PH,6tko_0P,6ni2_1P
:6xgc_2P,6xgc_1P,6xgc_0P
:6mqc_0P,6mqc_1P
:7kc1_0PH,7kc1_2PH,7kc1_1PH
:6fy3_1P,6fy3_0P
6dla_0:
5drx_0:5drx_1P
4rir_0,4rir_1:4ris_0P
6dlb_0:
:7czt_0P,7czt_1P
:5v2a_0P
:7eya_0P
6dl8_0,6dl8_1:
:6kyz_1P,6kyz_0P
:3hae_3P,3hae_0P,3hae_2P,3hae_1P
:3l95_1P,3l95_0P
:3hzy_0H
:7mzj_2P,7mzj_3P
:6apb_0P
5drw_0:
:4g7v_0PH,4g7y_0P
5k9j_0:5k9k_0PH,5k9k_1PH
:4ydv_0P,4ydv_1P
1dfb_0:
4hk3_0:
:6bf4_0PH,6bf4_1PH
6mef_0:
:6tyb_0P
:3lzf_0P
:6pwc_0P
:6oor_0P
1etz_0,1etz_1:
:3p30_0P
:6pze_0PH
6x5e_1,6x5e_0:
:6wrp_0H
6vsr_0:6vn0_0PH,6vn0_1PH,6vn0_2PH
:5dum_0PH
:4om0_0P
:6foe_1P,6foe_0P
:3j5m_1P,6vo3_1PH,7rso_2PH,6vo3_0PH,6crq_2PH,6crq_1PH,7rsn_2PH,6vo3_2PH,3j5m_2P,7rsn_0PH,7rsn_1PH,3se9_0PH,6crq_0PH,4i3r_0P,7rso_0PH,3j5m_0P,4i3s_0P,7rso_1PH
4kte_0:
5mp6_0:5mp6_1P
5f89_1,5f89_0:
:4fqj_0P
:4fqk_1P,4fqk_0P
:2qr0_7P,2qr0_2P,2qr0_3P,2qr0_1P,2qr0_4P,2qr0_0P,2qr0_5P,2qr0_6P
:5bk3_0PH,5bk3_1H,5bk3_3PH,5bk3_2PH
:5drz_1P,5drz_0P
4fze_0:
:7m7w_2P,7ra8_2P,7ra8_0P,7ral_0P,7ra8_1P,7m7w_0P
:4cad_3P,4cad_1P,4cad_0P,4cad_2P
6wos_0:6bkc_0PH,6uyf_0PH
:7laa_0P
:6x9u_0P,6nf5_1P,6nf5_3P,6nf5_5P,6x9s_0P,6x9r_0P,6nfc_2P,6x9t_0P,6x9v_0P,6nfc_0P,6nfc_3P
5ibu_0,5ibu_1:
:6jbt_0P
:6bli_3P,6bli_1P,6bli_0P,6bli_2P
7kgu_0,7kgu_3,7kgu_1,7kgu_2:6uj9_0P
3lmj_0:6edu_0PH,6edu_2PH,6edu_1PH,3lqa_0P
:7lex_0P,7lf0_1P,7lez_1P,7lf0_4P,7lez_0P,7lex_5P,7lex_4P,7lex_3P,7lez_3P,7lf0_2P,7lez_2P,7lf0_3P,7lf0_5P,7lex_2P,7lex_1P,7lf0_0P
:6bf7_1P,6b7z_1P,6b7z_0P,6bf9_0P,6b70_0P,6b70_1P,6bf7_0P,6bf9_1P
:5uoe_1P,5uoe_4P,5uoe_3P,5uoe_2P,5uoe_0P
6nuz_0:
:3ra7_1H,3ra7_0H
:7lf1_1P,7lf1_3P,7lf1_2P,7lf1_0P,7lf1_4P,7lf1_5P
:3u30_1P,3u30_0P
:5ibl_0P,5ibl_1P
6med_2,6med_1:6mek_0PH,6mek_3PH,6mei_0PH,6mej_1PH,6med_0P
:5w1k_6P,5w1k_1P,5w1k_5P,5w1k_3P
:6wty_0P,6wty_2P,6wty_1P,6wty_3P
:7khf_0P,7khf_1P
:7che_0P,7chb_0P
:1wcb_1H,1wc7_1P,2bmk_0H,1wcb_0H,2bmk_1H,1wc7_0H
1mf2_0,1mf2_1:2hrp_1P,2hrp_0P
:7d0d_0P,7d0d_1P,7d0b_0P
5wuv_0:5wux_1P,5wux_2P,5wux_0P
:4n9g_1P,4n9g_3P,4n9g_0P,4n9g_2P
:4yk4_1P,4yk4_0P
:5veb_0P,5veb_1P
:6db5_0P,6db5_1P
:5x8l_1P,5x8l_3P,5x8l_4P,5x8l_0P,5x8l_2P
3inu_0,3inu_1:5hj3_3P,5hj3_2P,5hj3_1P,5hj3_0P
:2xqb_0P
:5xku_0P
5iie_1:5t4z_1P,5t4z_0PH
5iie_0:
:7bep_2PH,7bep_0PH,7nd8_0P
:4f37_0P,4f37_1P
:6v4n_1P,6v4n_0P,6v4n_2P,6v4n_3P
5jrp_0:5uqy_3P,5uqy_1P,5uqy_2P,5uqy_0P
:6xsk_2P,6xsk_0P,6xsk_1P
1bm3_0,1opg_0:
6vu2_0:6vy2_1PH,6vy2_0PH,6vy2_2PH
:4xak_0P,4xak_1P
:4mxw_0P,4mxv_1P,4mxv_0P,4mxv_2P,4mxw_1P
:6a67_1PH,6a67_0PH
:6ln2_0P
3i75_0:
3qeh_1,3qeh_0,3qeh_3,3qeh_2:
:3qhz_1P
3eyo_0,3eyo_1:3eyf_1P,3eyf_0P
:6wxl_1PH,6wxl_0PH,6wxl_2PH
:6nz7_0PH,6nz7_1PH
:5m63_0H,5m63_1H
:7kmg_1P,7kmg_0P,7l3n_0P
5fhb_0:5fhc_0P
:5xxy_0P
:3k2u_0P
5w6c_0:
:6iea_0P
6v4r_0:
5wca_0:
:4qww_0PH,4qww_1PH
:4olw_0P
:6wmw_1P
6gxx_0:6hx4_0P,6hx4_1P
:4olv_0P
5weq_0:
:6wdt_0P
5ukn_0:
:6wo4_0P
:6wo5_2P,6wo5_3P
:6az2_0P,6az2_1P
3aaz_1,3aaz_0:
:4oly_0P,4olu_0P
:4olz_0P
:6df2_0P,6df2_1P
6df0_0:6df1_0P
:4n0y_0P
5v7r_0:
:4om1_0P
:7chy_0P
:4olx_0P
:5csz_1PH,5csz_0PH
:5w6g_0P
:6ayz_1P,6ayz_0P
:6xli_0P,6xli_1P,6xli_2P
:5a3i_0P,5a3i_1P
:6vbq_3P,6vbq_0P,6vbq_2P,6vbq_1P
3f12_0,3f12_1:
4jdv_0,4jdv_1:
:4jdt_0P
:5igx_0P
:6b0e_0P
:4idj_0P
:6pbv_1P,6pbv_0P
:7lqv_1P,7lqv_0PH,7lqv_2P
:4k9e_0P
1rih_0:
:7dk0_0P
:4xvs_0P,4xvt_0P
:3q1s_0P,3fn0_0P
6wkl_0:
:6bp2_0P
:6qig_0P
3eyq_0:
5ibt_0:
:6iuv_0P,6iuv_1P
5ukq_0:5ukr_0P
:4s1s_0P
:6uvo_0P
:3nps_0P
:6xy2_0P
6dw2_0:
:3mlu_0P,3mlv_0P,3mlv_1P
3mlt_2,3mlt_3:3mlt_1P,3mls_3P,3mlr_0P,3mls_1P,3mls_0P,3mlt_0P,3mls_2P
6xrj_1:6xrj_2P,6vtu_0H,6xrj_3P,6xrj_0P
:7ktx_0P,7kra_0P
:7e8f_0P,7e8c_1P,7e8c_6P,7e8c_7P
6be2_0:6be3_0H,6be4_0H
:7m6e_1PH,7m6e_2PH,7m6e_0PH
6o41_2,6o41_0,6o41_1:6o42_0P,6o42_1P
:7e5y_0P,7e5y_1P
1q9o_1,1q9o_0:1q9w_1H,1q9w_0H
:7lop_2P,7lop_3P
6o3d_0:6o3g_2P,6o3g_0P,6o3j_1P,6o3g_1P,6o3j_0P,6o3g_3P
:3vga_0P,3vg9_0P
:7d0c_0P,7d0c_1P
6o3u_2,6o3k_0:6o3l_1P,6o3u_3P,6o3u_1P,6o3u_0P,6o3l_0P
:4hcr_1P,4hcr_0P
5ik3_0:5ijk_1P,5ijk_0P,5ik3_1P
:4k94_0P
:6oz9_0P,6pci_1P,6pci_5P,6pci_3P
:7mjl_0P,7mjk_0P,7mjj_1P,7mjk_2P,7mjk_1P,7mjj_0P
6dc4_0:6dc5_2P,6dc5_1P,6dc5_0P
:6apd_2P,6apd_1P,6apd_0P
:5mhe_0H,5mhg_0H
4ztp_0:4zto_0P,4zto_1P
3ojd_0:
:6u3i_0P,5vlp_0P,6u2f_0P
:3ujj_0P
:3gi9_0P,3gi8_0P
6ell_0,6emj_1,6ele_1,6ele_0,6elj_0,6emj_0,6elj_1,6ell_1:
:4m5y_0P,4m5y_1P,4m5z_0P
:3i02_1H,3i02_0H
:7bei_0P,7nd5_0P
:5x2o_0P,5x2m_0P,5x2n_0P,5x2p_1P,5x2n_1P,5x2o_1P,5x2m_1P,5x2q_0P,5x2q_1P,5x2p_0P
:7rco_0P,7rco_1P
3bkc_0,3bkm_0:3bae_0P,3bkj_0P
:6d0x_0P
:7mzg_0P
:6mtp_1P,6mtp_0P
:6a4k_1P,6a4k_2P,6a4k_3P,6jp7_0H,6a4k_0P
:6xm2_0P,6xm2_2P,6xm2_3P,6xm2_1P
:4z5r_6P,4z5r_5P,4z5r_7P,4z5r_3P,4z5r_1P,4z5r_2P,4z5r_0P,4z5r_4P
:2wuc_0P,2wub_0P,2wub_1P
:7kyl_1P,7kyl_0P
:6uig_0P,6uig_1P
7k8n_0:7k8m_0P
6wor_0:6woq_1P,6woq_3P
:5gux_0P,3wfb_0P,3wfd_0P,3wfc_0P,3o0r_0P,3wfe_0P
:7chs_0P
:4jkp_0P
:5o4o_0P,5o7p_0P
:5en2_0P
:5e8e_0PH
:6oe4_0P,6oe5_1P,6oe4_1P
:4rwy_0PH
:2r0l_0P
4x80_0:
:1yed_0H,1yed_1H
:3rkd_1P,3rkd_0P
:5usl_1P,5usl_0P
:6lbh_0P,6lbh_1P
:4uu9_1P
:4uu9_0P
:5gmq_0P
6w73_0:
:4qnp_0P,4qnp_1P
:6txz_3P,6txz_2P,6txz_0P,6txz_1P
5ewi_0:5vgj_0PH
:6pds_1P,6pds_0P
4q2z_0,4q2z_1:
:2b1a_0P,2b0s_0P,2b1h_0P
:4dkf_0P,4dkf_1P
:7dzy_2P,7dzy_1P,7dzy_0P
:6mto_0P
:3n85_0P
7o4y_0:7o52_0P
7d3l_0:
6v4q_0:
:2vxs_2P,2vxs_0P,2vxs_1P,2vxs_3P,5hi4_1P,5hhv_0P,5hi5_0P,5hi5_1P,5hi3_0P,5hi4_0P,5hi3_1P,5hhx_0P
:7l58_0P
:7ch5_0P,7chc_0P
:4y5x_2P,4y5x_3P,4y5x_1P,4y5x_0P
5uko_0:
:7mzf_0P
2fgw_0:
:4v1d_1P
:5wna_1P,5wnb_0P,5wna_0P,5wnb_1P
7jz1_0:
7k8o_0:7k8t_0P,7k8t_2P,7k8t_1P,7k8s_2P,7k8s_1P,7k8s_0P
:2r0k_0P
:5cin_0P
:5y11_0P
:6vry_0PH
1fgv_0:
4ptt_0:4ptu_0H
:6b0g_0P
:7lqw_0P
:7chf_0P,7ch4_0P
5w24_0:5w23_1P,5w23_0P,5w23_2P
:6mqr_0P
:4k7p_1P
:7byr_0PH
1fai_0,2f19_0:
2ymx_0:
:7ekk_0P
5ukp_0:
4ktd_0:
1u6a_0:3hi1_0P,3hi1_1P
3v6f_1,3v6f_3:3v6z_1P,3v6f_2P,3v6z_0P,3v6f_0P
5y9k_0:6fxn_3P,6fxn_4P,6fxn_1P,6fxn_2P,6fxn_5P,5y9j_0P,6fxn_0P
:2j6e_0P,2j6e_1P
:7ora_1PH,7orb_2PH,7ora_3PH,7ben_2PH,7orb_0PH,7ben_0PH
:7beo_2PH,7nd9_0PH,7beo_0PH,7nda_0PH
:7ndb_0PH
:7phg_0P,7p40_2P,7p40_0P,7p40_1P
1yeh_0:1yeg_0H,1yec_0H,1yef_0H
:1kn2_0H,1kn4_0H,1yek_0H,1yei_0H,1yej_0H
:6x7w_0P,6x7w_1P
:6n16_2P,6n16_0P,6n16_1P,6n16_3P
6mfj_0:6mfp_0P,6mfj_1P,6mfp_1P
:4dgv_0P,5kzp_2P,5kzp_1P,5kzp_3P,4dgy_0PH,5kzp_0P
:3eyu_0P,2ipu_0P,2ipu_1P
:7lrt_1PH,7lrt_0PH,7lrt_2PH,7lrs_0PH
4nhg_2,6n32_0,3oaz_1,4nhg_5,6ozc_5,6e5p_6,4nhg_4,6e5p_4,6ozc_1,6n35_0,6e5p_0,6ozc_3:3oay_1H,6e5p_1H,2oqj_3P,6cxl_1H,6cxg_0PH,3ob0_0H,6e5p_7H,6ozc_0H,6mu3_1H,4nhg_0P,2oqj_1P,6ozc_2H,3ob0_1H,4nhg_3P,2oqj_0P,6mu3_0H,6cxl_0H,6e5p_2H,7l06_2H,6cxg_1PH,4rbp_0H,4nhg_1P,2oqj_2P,3oaz_0H,7l09_0PH,4rbp_1H,3oay_0H,7l06_0PH,6ozc_4H,7l02_0PH
6mnf_0,6n35_1,6n32_1:7l06_3H,6n2x_1H,7l06_1PH,6n2x_0H,6mub_0H,6mub_1H,7l09_1H,6msy_0H,7l02_1H,6mnf_1H
:1y18_2H,1y18_1H,1y18_0H,1y18_3H
:5ucb_0P
:6mlm_1P,6mlm_0P,6btj_0P,6mlm_2P,6btj_1P
5a16_2,5a16_1,5a16_3:4yzf_2P,5a16_0P,4yzf_3P,4yzf_1P,4yzf_0P
:6vgr_1P,6vgr_0P
:7dq7_0P
:7lm9_0PH,7lm8_1PH
6ztf_1,6ztf_0:6ztr_1P,6ztr_0P
7lu9_4,7lu9_1,7lu9_0,7lu9_2:7lu9_5H,7lu9_3H
3cfk_3,3cfj_0,3cfk_7,3cfk_5,3cfj_3,3cfk_2,3cfk_0,3cfj_1,3cfj_2,3cfk_6,3cfk_1,3cfk_4:1y0l_0H,1y0l_2H,1y0l_1H,1y0l_3H
5w1g_0:5w1m_1P,5w1m_2P,5w1m_3P,5w1m_0P
:6s8d_1P,6s8d_2P,6s8d_0P
1sbs_0:
:7lxy_2PH,7ly2_4PH,7k43_2P,7ly2_0PH,7k43_1P,7n8h_2P,7lxz_2PH,7lxz_4PH,7n8h_4P,7lxy_4PH,7k43_0P,7lxz_0PH,7ly2_2PH,7n8h_0P,7lxy_0PH
7k3q_0:7k4n_2P,7k45_0P,7k4n_1P,7r6x_2P,7k4n_0P
6vor_0,6vor_1:6vlr_3P
4xml_0:4xmk_0P,4xmk_2P,4xmk_1P
5mhs_1,5mhs_2:5mhs_0P
:4xnm_0P,4xnq_1P,4xnq_0P,4xrc_1P,4xnm_1P,4xrc_0P
4gsd_0:
:7cdi_0P
:7e8m_0P
:6s8j_0P,6s8j_2P,6s8j_1P
6xul_1,6xul_4,6xul_5,6xul_0:6xun_1H,6xun_2PH,6xul_2P,6xul_3P,6xun_0H
:4rx4_0PH,4rx4_1P
:5wko_1P,5wko_3P,5wko_0P,5wko_5P,5wko_2P,5wko_4P
:7k75_1P,7k75_3P,7k76_1P,7k76_0P,7k75_0P
:2ai0_2P,2ai0_3P,2a1w_1P,2ai0_0P,2ai0_1P,2a1w_0P
6gfe_1,6gfe_0:
:3wkm_0P,3wkm_1P
4rfe_3,4rfe_0,4rfe_1,4rfe_2:5fcu_0P,4rfn_0P,4rfn_1P
2ipt_0:
:7e3k_2P,7e3k_1P,7e3k_0P
1seq_0:
5nyx_2,5nyx_1,5nyx_0:5o1r_1PH,5o1r_0PH
7cea_0:
:7cec_1P
:3oau_0H
:1bj1_0P,1bj1_1P
:7kew_1P,7kew_2P,7kew_0P
5jqd_0,5jqd_1:5jo4_0P
5jof_1,5jof_3,5jof_0:5jof_2P
:6ii4_1P,6ii4_0P
:3ifo_1P,3ifo_0P
:7e3l_0P,7e3l_2P,7e3l_1P
:5e94_0P,5e94_1P
3cmo_1,3cmo_0:
:7ley_1P,7ley_0P,7ley_2P
6b0w_0:6b0s_0P
:6fy2_0P,6fy1_1P,6fy0_1P,6fy2_1P,6fy0_0P
:6fy1_0P
:6oro_0PH,6oro_1PH,6oro_2P
:6orp_2P,6orp_0P,6orp_1P
:1cz8_1P,1cz8_0P
:4yfl_1PH
:4yfl_0P
:5f3h_1P,5f3h_0P,5f3h_3P,5f3h_2P
:1t03_0P,1n5y_0P,1n6q_0P,3klh_0P,1r0a_0PH
:1hys_0P,1j5o_0P,2hmi_0P
:6wtv_0P,6wtv_2P,6wtv_1P,6wtv_3P
:6pis_1P,6pis_0P
:6wo3_0PH
:2g5b_1P,2g5b_2P,2g5b_0P,2g5b_3P
:2brr_0P,2brr_1P
2iq9_0:
2iqa_1:2iqa_0P,2r0w_0P
3mck_0,3mck_1:
3tnm_1,3tnm_0:4yc2_1P,4ybl_0P,4yc2_0P,4ybl_1P
:6w05_0P
:3uaj_0P,3uc0_1P,3uaj_1P,3uc0_0P
:2j4w_0P,2j5l_0P
:2qhr_0P
:7or9_1PH
:6wtu_1P,6wtu_2P,6wtu_3P,6wtu_0P
:3uji_0P
:3eys_0P
:5xcv_1P,5xcv_0P
4yny_1,4yny_0:7cqd_0P,4yo0_0P,6al1_0P,6icc_0P,6al0_0P,7cqd_1P,7cqc_0P,6icf_0P,4yo0_1P
:7l7e_0P,7l7e_3P,7l7e_7P,7l7e_4P
:6bft_1P,6bft_0P
:4yue_0P
:6fg1_1P,6fg2_2P,6fg2_3P,4irz_0P
:7djz_0P
:1adq_0P
:7joo_0P
:5v8m_0P,5v8l_0P,4lsv_0P,4jpv_0P,5v8m_1P,7ly9_3P,7ly9_1P,5v8l_2P,5v8m_2P,7ly9_2P,5v8l_1P
6al4_2,6al4_1:6al5_0P,6al4_0P
:6d01_1P,6d01_2P,6d01_3P,6d01_0P
:6ule_0P,6ule_1P
:6db6_0PH
:7o31_0P
:2r0z_0P
:6sf6_0P,6sf6_1P
5it2_0:
:5xcu_1P,5xcu_0P
:7ljr_0P
6p3b_0:
:5uek_0P
3qhf_0:
:6mvl_0P
:7m42_0P
:1yee_0H
:6mtt_0P
:6gg0_0P
:5bo1_1P,5bo1_0P
6u6o_0:
:7r7n_0P
6u6m_0:
6wk4_0:
4jfx_0,4jfy_0,4jfy_1:4jfx_1P
:7l7d_0P
:7dx4_0P
2aab_0:
:7kbt_0P,4ki5_1P
4ods_0:5dq9_2H,5dq9_0H,5dq9_1H
1q9l_0,1q9k_0,1q9l_1:3t65_0H,4hgw_0H,2r2e_0H,2r1x_0H,3sy0_0H,3t4y_0H,2r1w_0H,2r2b_0H,3t77_0H,2r1y_0H,3bpc_0H,2r2h_0H,2r23_0H
4nkm_2,4nkm_3:4nkm_0P,4nkm_1P
5jue_0:6fn1_0P,6fn4_0P,6qee_0PH,6qex_0P
:3rif_3P,3rhw_4P,4tnv_0P,4tnv_6P,3rhw_2P,4tnv_4P,3rhw_0P,4tnw_7P,4tnw_9P,3ria_3P,4tnw_5P,3ri5_0P,3rhw_1P,4tnv_9P,4tnv_7P,4tnw_0P,4tnv_5P,4tnv_1P,3ria_2P,3rif_1P,3rif_2P,3ria_1P,4tnv_2P,3rhw_3P,3ria_4P,4tnv_3P,4tnw_3P,3ri5_2P,4tnw_1P,4tnv_8P,3ri5_3P,4tnw_2P,3ri5_4P,3rif_4P,4tnw_4P,3rif_0P,3ria_0P,4tnw_6P,3ri5_1P,4tnw_8P
4uim_3,4uim_0,4uim_2,4uim_1:4uin_0H
4poz_0:5vco_0P,5vco_1P,4pp2_1P,4pp2_0P
1gig_0:2vis_0P,7jti_0P,2vir_0P,2vit_0P
6p4y_0:6p50_0P
:2ibz_0P,1kyo_0P,1kyo_1P,3cxh_1P,4pd4_0P,3cx5_0P,1ezv_0P,3cx5_1P,1kb9_0P,1p84_0P,3cxh_0P
3j7e_1,3j7e_2,3j7e_3,3j7e_0:6bt3_1P,6bt3_3P,6bt3_2P,6bt3_0P
:3ifp_2P,3ifp_3P,3ifp_1P,3ifp_0P
4jn1_0:4jn2_0H,4jn2_1H
:3qa3_1P,3q3g_1P,3qa3_0P,3q3g_0P,3q3g_3P,3qa3_3P,3qa3_2P,3q3g_2P
:6yxk_0PH
:6ye3_0P,6ye3_1P,6ye3_2P
:3bky_0P
:5gs0_1P,5gs0_0P
:7lcn_1P,7lcn_0P,7lcn_2P
:7ll2_0PH,7ll2_2PH,7ll2_1PH
:7n8h_3P,7n8h_5P,7n8i_0P,7n8h_1P
:6pec_0P
4pub_0:4ogy_1P,4ogy_0P,4ogx_0P
:7ean_0P
6oed_0:6ofi_0P,6oed_1P,6oed_2P
2esg_0,1iga_1,3cm9_0,2esg_1,2qtj_1,3cm9_3,1r70_0,3chn_1,3cm9_1,3chn_3,2qtj_0,1vge_0,1iga_0,3cm9_2,3chn_2,3chn_0,2qtj_3,1r70_1,2qtj_2:
:5ush_0P,5ush_1P
:1nma_0P
2dqt_0,2dqu_0,2dtm_0:
:6a79_0P,6a79_1P
5ur8_0:5o14_1P,5o14_0P
:5ken_2P,5kel_3P,5kem_1P,5ken_4PH,5kel_5P,5kem_3P,5kel_1P
:1qfu_0P
7c95_0,7c95_1:7c94_1PH,7c94_0PH
:5y9f_2P,5y9f_1P,5y9f_6P,5y9f_0P,5y9f_5P,5y9f_8P,5y9f_4P,5y9f_3P,5y9f_7P,5y9f_9P
:7e3b_0P
:6o2c_0P,6o2a_3P,6o28_0P,6o2a_2P,6o29_0P,6o2b_3P,6o2a_1P,6o29_1P,6o2a_0P,6o28_1P,6o2b_2P,6o2b_1P,6o2b_0P
4py7_1,4py7_0:4py8_0P
5trp_0:
:7nd7_2PH,7nd7_1PH,7beh_0PH,7nd7_0PH
:6xoc_0P
:4hzl_0P,4hzl_1P
:5kw9_0P
:7lxy_3PH,7lxy_1PH,7lxw_0P,7lxy_5PH
:7l2e_0PH,7l2e_1PH,7l2e_2PH
:5xmh_1P,5xmh_0P
:6xlq_0P,6xlq_2P,6xlq_3P,6xlq_1P
:6uda_2P,6uda_1P,6uda_0P
:7mlz_0P,7mm0_0P
3rpi_1,3rpi_0:
:6x78_1P,6x78_0P
5i8e_0,5i8e_1:5i8c_0P,6me1_0P,5i8h_1PH,6me1_1P,5i8h_2PH
:6k7o_1P,6k7o_2P,6k7o_3P,6k7o_0P
:6fax_0P
:7kbb_1P,5vob_0P,5voc_0P
:7jr7_1P
:6xey_2PH,6xey_0PH,6xey_1PH
:7jlk_0PH
4odw_0,4odw_1:4odv_0H
:1nmc_1P,1nmc_0P
:1a14_0P
:2zcl_0P,2zch_0P,2zck_0P
:4n90_1P,4n90_0P,4n90_2P
:5my4_0P,5myk_0P
:5j13_0P
:7lbg_0P,7lbe_0P,7lbf_0P
3okm_0,3oke_0:3okk_0H,3okd_0H,3oko_0H,3okl_0H,3okn_0H
:6h3u_0P,6h3u_1P
:3qcv_0H,3qcu_1H,3qct_0H,3qcv_1H,3qcu_0H
:7ndc_2P,7ndd_1P,7ndc_0P,7ndc_1P,7ndd_2P,7ndd_0P
6n7u_0:6n7j_1P,6n7j_0P
:3vrl_0P,3vrl_1P
:6n5b_0PH
:1jrh_0P
4gw4_1:
:5i5k_1P,5i5k_0P
:6wzt_2P,6wzt_1P,6wzt_0P
:6urm_0P,6urm_1P
:6a78_1P,6a78_0P
6a76_0:6a77_0P
:7k8u_0P
:3bqu_1P
6dcv_0,6dcv_1:6dcw_0P
:6gk7_0P
:6y9b_0P,6y9b_1P,6y9b_2P
4nkd_3:4nkd_2P,4nkd_1P,4nkd_0P
5chn_0,5chn_1:
3uls_0:3ulu_1P,3ulv_1P
3uls_1:
:6plk_1P,6plk_0P
:3o2d_0P
6wyr_0:6wyr_1H
:7jkt_0P
:7czy_1P,7czy_0P,7czz_2P,7czz_1P,7czz_0P
:7ahv_0P
4isv_0,4jj5_0:
:1oak_0P
:6c5v_0P,6bla_0H
:5b71_1P,5b71_0P
:6ol6_0P
4uik_0:4uil_0H
4pb9_0:
:6n4r_1P,6n4r_0P,6n4q_0P,6n4q_1P
3nn8_1,3nn8_2:3nn8_3P,3nn8_0P
:7k75_2P
:1xiw_0P,1xiw_1P
6a0x_0,6a0x_2,6a0x_1,6a0x_3:6a0z_0P
:5f9w_1P,5f9w_0P
:6ute_0P,6ute_3P,6ute_1P,6ute_4P,6ute_2P
4r90_0:
4qth_1,4qth_0:4qti_0P
:5te7_0PH,5te6_0P,5te4_0PH
:7n3d_0P
:4zso_0P,4zso_1P
2op4_0:2ntf_0PH,2ntf_1PH
1dqd_0:
3phq_0:
:3pho_0H
:1uwx_1P,1uwx_0P
:6cez_0P
:4hs8_0P
3n9g_0:3iyw_0P,3iyw_1P
:4uv7_0P
:7mzk_3P,7mzk_2P
:7rah_1P
:6kz0_1P,6kz0_3P,6kz0_2P,6kz0_0P
:4f2m_0P,4f2m_1P
:6mns_1P,6mns_0P,6mnr_0P
5dqj_0,5dqd_0,5dqj_1:
:4hlz_2P,4hlz_0P,4hlz_1P
:5c0r_0P
7aj6_0:
:5xbm_0P,5xbm_1P
:4u6v_1P,4u6v_0P
:5f96_0P
3l1o_0:2v17_0P
:4jg1_0P,4jg0_0P
2a77_0:
:1fbi_0P,1fbi_1P
:3go1_0P
:6wh9_1P,6wh9_0P,6wh9_2P
:1qfw_1P
:6oel_0P
3w9d_1,3w9d_0:3w9e_0P
:7mzn_0P
:6ubi_1P,6ubi_0P
:5vic_0P
:5lbs_1P,5lbs_0P
:5f9o_0P
:6l62_0P
:4rfo_0P,5kjr_0P
:1fns_0P
:3h0t_0P
:4zs7_0P
:6vrq_1PH
:6yio_0P
:5kg9_1P,5kg9_0P
:6uce_0P
:7rr0_0P
6zec_0:
:4hfu_0P
:5t5f_0P
4z0b_0:
:4x0k_1P,4x0k_0P
:6xkq_0PH
:5d1z_0P,5d1z_3P
:1nmb_0PH
:5dmi_0P
:6wfx_0P
:5kem_0P,5kem_2P
4gw4_0:
1mcp_0:2mcp_0H
:6ucf_0P
1zan_0:
1dql_0:
:5v6l_0P,5v6l_1P
:1dvf_1P
:5ggt_0P
:4yr6_0P,4yr6_1P
:6vvu_1P,6vvu_3P,6vvu_2P,6vvu_0P
:6nn3_0P
:6vo0_1PH,6vo0_2PH,6vo0_0PH
2gk0_0,2gjz_1,2gjz_0,2gk0_1:
5yfi_0:5ywy_0P,5yhl_0P
:6b3s_0P,3b2u_6P,3b2u_1P,3b2u_2P,6b3s_2P,3b2u_3P,3b2u_7P,3b2u_4P,6b3s_1P,3b2u_5P,3b2u_0P,3b2v_0P,6b3s_3P
:3dus_0H,3dv6_0H,3duu_1H,3dv4_0H,3dus_1PH,3duu_0PH
:6id4_0P,6id4_1P
1hez_0,1hez_1:
:2gsi_2P,2gsi_1P,2gsi_3P,2gsi_0P
:4yhz_0P
:6glx_1P,6glx_0P
:7mem_0P,7mem_2P,7mem_1P
:5gjt_0P,5gjs_0P
:4plk_0P,4plj_1P,4plj_0P,4plk_2P,4plk_1P,4plk_3P
:6vkn_0P,6vkn_2P,7lg6_1P,7lg6_3P,6vkn_1P,7lg6_5P
:7ezv_1P
:5mhr_4P,5mhr_2P,5mhr_3P,5mhr_5P,5mhr_1P,5mhr_0P
:4kkl_1P,7cvs_1P,2hlf_1P,1ots_1P,6k5a_1P,2exw_0P,2h2p_0P,6adc_1P,6ad8_0P,2fec_0P,7cvt_0P,4mqx_1P,4kk9_0P,2exw_1P,4kk5_0P,6k5d_0P,2r9h_0P,4fg6_0P,2ez0_0P,6adb_1P,2htk_1P,3ejy_0P,2htl_0P,4kk8_1P,3ejz_0P,6ad8_1P,6ada_1P,2htk_0P,4kkl_0P,6k5i_0P,2ht4_0P,2fee_1P,6k5d_1P,4kk9_1P,3det_1P,5hd8_1P,2ht4_1P,6adc_0P,4kjq_0P,4kjw_0P,3ejy_1P,6k5i_1P,4kkc_0P,1ots_0P,4fg6_1P,6ad7_0P,4kk8_0P,4ene_0P,4kk6_1P,2exy_1P,2ht3_0P,2fee_0P,4kka_0P,4kkb_0P,4kkc_1P,2ht3_1P,4mqx_0P,2hlf_0P,2fec_1P,1otu_0P,6k5f_0P,6ad7_1P,2fed_1P,4kjw_1P,7cvs_0P,4kkb_1P,1otu_1P,2ht2_1P,2h2p_1P,4kk6_0P,4lou_0P,2h2s_1P,7cvt_1P,2ht2_0P,2h2s_0P,4kjp_0P,2exy_0P,5hd8_0P,4lou_1P,4kjq_1P,1ott_1P,1ott_0P,6adb_0P,2htl_1P,2ez0_1P,4kk5_1P,6k5f_1P,4ene_1P,3det_0P,3ejz_1P,2r9h_1P,4kka_1P,6ada_0P,6k5a_0P,2fed_0P,4kjp_1P
:3v4p_0P,3v4p_1P,3v4v_1P,3v4v_0P
:4fqi_0P,4fqv_2P,6cnv_1P,4fqv_1P,5cjq_0P,4fqv_0P,4fqh_1P,5cjs_1P,4fqh_0P,4nzt_0P,5cjs_0P
4yhp_0,4yhp_2,4yhy_0:4yhp_3P,4yhp_1P,4yhy_1H
:4evn_1P,4evn_4P,4evn_6P,4evn_2P,4evn_0P,4evn_3P,4evn_7P,4evn_5P
:6wg2_1P,6w00_0P,6wg2_0P
:6gk8_0P
:5zv3_0P
3c08_0,5vsi_0,5vr9_0,5vr9_1:
:7luc_1P,7luc_2P,7luc_0P
6w5d_0:6w5d_1P,6w52_0P
:4edx_1P,4edx_0P
4nko_1,4nko_2,4nko_0:
6d9g_0,6d9g_1:6dzz_0P,7lwd_0P,6dzw_1P,6dzv_0PH,6dzy_0P
:6att_0P
:6ivz_0P,6iw2_3P,6iw2_2P,6iw2_1P,6iw2_5P,6iw2_4P,6iw2_0P,6iw0_0P
:5kel_2P,5kel_0P,5kel_4P
:3ngb_3P,5kzc_1P,6vlw_0P,6v8x_2P,3ngb_1PH,3ngb_2P,3ngb_0P,6v8x_0P,6v8x_1P,4lst_0P,5kzc_2P,5kzc_0P
:4lss_0P
:4rgm_1P,4rgm_0P
:6flc_0P,6flc_1P
:7lq7_0P,7lq7_1P,7lq7_2P
5tgb_0,5tgb_1:
6wt3_0:6wn4_0P,6wn4_1P
:5xcx_0H,7cec_0P,7nwl_0P
:7ceb_0P
:7cws_4P,7cwt_5P,7cws_5P,7cwt_2P,7cwu_0P,7cwu_1P,7cwt_4P,7cws_0P,7cwu_2P
:7e5r_8P,7e5r_7P,7e5r_6P,7d4g_0P
:6mhr_0P,6mhr_1P
:5l6y_0P
:7akj_0PH,7akd_1PH,7akd_0PH,7akj_2PH,7akj_1PH
5wl2_0,5wl2_1:
:3bgf_0P,3bgf_1P
:6z2l_0P
5bk0_1,6azx_1,6azx_0:5bk0_0P
:5xj4_0P
:5x8m_0P
6nis_0:
1bey_0:1ce1_0P
:5k9o_0P,5k9o_1P
6pzg_0:6pzz_0P,6pzz_1P,6pzz_3P,6pzz_2P
:6wg1_0P,6wg1_1P,6wfz_1P,6wfz_0P
:7e88_3P
:4k2u_0P,4k2u_1P
:7jtf_1P,7jtf_0P
:6z7w_2P,6z7w_0P,6z7w_1P,6z7w_3P
5bk5_2,5bk5_3,5bk5_0,5bk5_1:
:4nm8_2P,4nm8_1P,4nm4_1P,4nm8_0P,4nm4_0P
:7lf7_0P
:3csy_2P,3csy_3P,3csy_0P,3csy_1P
:4bh8_0P
5vga_0,2a6k_0,2a6d_0,2a6j_0,2a6j_1:2a6i_0P,2a6d_1P,2a6k_1P
:4bh7_0P
5uby_0:
:5dur_0P,5dur_1P
:3fo2_0H,3fo2_1H
:3fo0_0H
:3fo1_1H,3fo1_0H
1aif_0,1aif_1,3iy5_0:1iai_1P
:6jht_0P
1dlf_0,1wz1_0,2dlf_0:
:7r8o_1PH,7r8o_2PH,7r8o_0PH
1rfd_0:1qyg_0H,1riv_0H,1q72_0H,1riu_0H
4jpi_0:4jpi_1P
:6xoc_1P
6vpy_1:6vpy_0P
4qhm_2,4qhm_1,4qhm_0,4qhm_3:
4qhl_0:4qhl_1P
1dee_2,1dee_0:1dee_1P
5vzr_1,5vzr_0:5w9h_1PH,5w9k_2P,5w9m_0P,5w9h_2PH,5w9o_2P,5w9i_0PH,5w9l_1P,5w9l_0P,5w9j_1P,5w9j_0P,5w9i_2PH,5w9k_0P,5w9n_0P,5w9o_1P,5w9m_1P,5w9p_0P,5w9j_2P,5w9p_2P,5w9n_1P,5w9k_1P,5w9i_1PH,5w9h_0PH,5w9p_1P,5w9o_0P
:5b3j_0P,5b3j_1P
5b4m_1,5b4m_0:
:5fb8_0P
6fab_0:
:7m30_0P
:4yqx_1PH,4yqx_0PH
1ad0_0,1ad0_1:
3mbx_0:
3l7e_0,3l7e_1:3l5w_0P,3l5w_1P
:3gbn_0P,6uyn_0P
:3gbm_1P
:5c0s_0P
:3gbm_0P
1bfo_3,1bfo_1,1bfo_2,1bfo_0:
:6mqs_1P,6mqs_0P
:7cr5_0P
8fab_1,8fab_0:
:4edw_0P
:6elu_1P,6elu_3P,6elu_2P,6elu_0P
:6jhq_0P
:4nj9_0H
3rvt_0,3rvu_0:5vph_0P,3rvx_0P,3rvv_0P,5vpg_0P,5vpl_0P,3rvw_0P
5wtg_0,5wtg_1:5zuf_0P,5wth_0P,5zud_0P
:6p60_3P,6p60_2P,6p60_1P,6p60_0P
:6orq_0P,6orq_2P,6orq_1P
4kaq_0:2osl_1P,6y90_1P,6y90_0P,6vja_0P,6vja_1P,2osl_0P
6u9u_0:
:2r56_0P,2r56_1P
:4u0r_0P,5mi0_0P
:5o4g_0P
7lud_1,7lud_0:7lue_1P,7lue_2P,7lue_0P
5gzr_1,5gzr_0:
:6svl_2P,6svl_1P,6svl_3P,6svl_4P,6svl_0P,6svl_5PH
5wkz_0:
1it9_0:
6u3z_0,6u3z_1:6xsn_0P
:1h0d_0P
5wk2_0:5wk3_2P,5wk3_0P,5wk3_3P,5wk3_1P
1clo_0:
:7lyw_2P,7lyw_0P,7lyw_1P
:4uao_0P
1mnu_0:2mpa_0P,1mpa_0P
:6gff_1P,6gff_0P
:7kq7_0P
:7lfb_0P,7lfd_0PH
:5vod_0P
:4wuu_0P
:6p8m_0P
:7nks_1PH,7nks_0PH,7nrh_0PH
:7v2a_2P,7v2a_1P,7v2a_0P
:7kkz_0H,7klc_0PH
:4tpr_0H,4tqe_0P
:4jpk_0P
:7jlk_1P
:6wg0_0P
:6i8s_2P,6i8s_3P,6i8s_0P,6i8s_1P
:7d85_1P,7d85_0P
:3dur_1H,3dur_0PH
:6rps_1P,6rps_0P
7dr4_3,7dr4_2:7dr4_0P,7dr4_1P
:4fqy_0P
:3w2d_0P
1nbv_0:1cbv_0N
:6p7h_0P
:3c09_1P,3c09_0P
:3i50_0P
:3tt1_0P,3tt1_1P
:6vjt_0P
3ncj_0:
3naa_0:
:4pb0_0H
4zd3_0:
:4nja_0H
1iqw_0:
3ixy_1,3ixy_0,3ixx_0:3ixx_1P
3na9_0:3ulv_0P,3ulu_0P
6anp_0,6anp_1:
:6jhs_0P
3eo9_0:3eoa_0P,3eob_1P,3eob_0P,3eoa_1P
6ltg_0,6ltg_1:
:7kyo_0P
:4jan_1P,4jam_0H,4jan_0P,4jam_1H
:4j8r_0P,4j8r_1P
:7kpb_0P
:2uud_0PH,2uud_1PH
:4lsu_0P
:1ai1_0P,1acy_0P
:3g04_0PH
4d9l_0,4d9l_3,4d9l_2:4d9l_1P
:7kcr_0P
:2cju_0H
:6iek_0P,6iek_1P
:7czq_1P,7czq_0P
6vrt_0:3i9g_0H
:7jwg_1P,7jwg_0P
:5jq6_0P
:5lqb_0P
2aj3_0:2aj3_2P,2aj3_1P
:5otj_0P,5otj_1P
:7l2c_0P,7l2c_1P
:7jks_0P
:6xcj_0P
:5anm_2PH
:5anm_1P,5anm_0P
3iu4_0:
:6p8n_0P,6p8n_1P
:4bz2_0PH
:4jpw_0P
:3fmg_0P
:6jhr_0P
:6oy4_0P
:7n4i_0PH
:4od2_0P
5fuz_0,5fuo_0:
:5nmv_0PH
1igm_0:
:3sdy_0P
5v7u_0:6h06_1P,6h06_0P,6h06_2P,6h06_3P
:6blh_0P
3nab_0:
:4dtg_0P
:7dc7_0H
:6ddv_0P
3nac_0:
:1iai_0P
:6x4t_1P,6x4t_0P
:7o2z_0P
:7kex_2P,7kex_1P,7kex_0P
:1c12_0H
:6z3p_0P
:4ydi_0P
:3l7f_2P,3l5x_0P,3l7f_1P,3l7f_0P
1a6u_0:1a6v_2H,1a6v_1PH,1a6v_0PH,1a6w_0H
:6ywc_0P,3qq9_1P,3qq9_0P,6vtw_0P,6ywc_1P,3o45_0P,3o45_1P,3o41_0P,3o41_1P
:6p62_2PH,6p62_0PH,6p62_1PH
6mty_0:6niu_2P,6niu_3P,6niu_1P,6niu_0P
1jfq_0:
:7v26_1P,7v26_2P,7v26_0P
:7cn2_5P,7cn2_3P,7cn2_4P,7cn2_0P,7cn2_1P,7cn2_2P
1ocw_0:1oaz_0P,1oar_1H,1oau_0PH,1oar_0PH,1oau_1PH,1oar_3H,1oar_2PH,2bjm_0H,1oaz_1P
1oaq_0:
1dn0_1,1dn0_0,1qlr_1,1qlr_0:
4hie_0:4hih_1H,4hih_0H,4hij_1H,4hii_0H,4hij_0H,4hii_1H
12e8_1,12e8_0:3jab_1P,3jab_0P
:4mhj_2P,4mhh_1P,4mhj_4P,4mhj_3P,4mhj_1P,4mhh_2P,4mhj_0P,4mhj_5P,4mhh_0P
2fl5_3,2fl5_0,2fl5_2,2fl5_1:
6p67_2,6p67_3:6p67_1P,6p67_0P
:5y9c_0P
5k8a_3,5k8a_2,5k8a_0,5k8a_1:6ywd_0P,6oe5_0P,3ixt_1P,3qwo_1P,4zyp_0P,4zyp_5P,3qwo_0P,4zyp_4P,3ixt_0P
:6j5g_0P,6j5d_0P,6j5f_0P
:5l0q_1P,5l0q_0P
6ugu_0,6ugv_1,6ugs_1,6ugu_1,6ugv_0,5vh3_0,5vh4_0,6ugt_1,5vh3_1,6ugs_0,6ugt_0:5vh4_1H,4g3y_0P
5dk3_0,5dk3_1:5ggs_1P,5b8c_0P,5b8c_2P,5jxe_1P,5jxe_0P,5b8c_1P,5ggs_0P,5b8c_3P
4hfw_1,4hfw_0:
5od0_0:5ocy_0PH
:5ock_0PH,5ocx_0PH
:7kzb_0P
:7eh5_0P,7ej5_0P,7eh5_2P,7ej5_1P,7eh5_3P,7ej5_2P,7f63_0P
:5fyk_2P,5fyj_2PH
:6ii9_0P,6ii9_1P,6ii9_2P
:6azz_1P,6azz_0P
:6wik_0P,6vyh_0P
:7a5r_0P,6yor_0P,7a5s_0P,6ym0_0P,6z2m_0P,7a5s_1P,7a5r_1P,6yla_1P,6yla_0P,6yor_1P,6z2m_1P
:4pp1_1P,4pp1_0P,5vcn_1P,5vcn_0P
:4aei_2P,4aei_1P,4aei_0P
4kvc_0:
3j42_1:3j42_2P,3j42_0P
:1pg7_2P,1pg7_3P
:6p9h_0P,6p9h_1P
:3ubx_1P,3ubx_0P
6z3k_1:6z3k_6P,6z3k_4P,6z3k_5P,6z3k_8P,6z3k_0P,6z3k_3P,6z3k_2P,6z3q_0P,6z3k_7P
:7m7w_1P,7m7w_3P
:1oay_1PH,1oax_1PH,1oay_0PH,1oax_0PH
4nki_0:5grj_0P
:4lvh_2P,4lvh_0P,4lvh_1P,4lvh_3P
6qcu_0:6qd7_2P,6qd7_1P,6qd7_0P
:4qf1_0PH,4qf1_1PH
1m71_0:1m7d_0H,1pz5_0P,1m7i_0H
:5utz_3P,5utz_2P,5utz_0P,5utz_1P
:7k7i_4P,7k7i_2P,7k7i_0P,7k7i_1P,7k7i_3P
:7eh5_4P,7eh5_5P,7eh5_1P
6dn0_1,6dn0_0:
:1ehl_0NH,1keg_0N
6idh_0:6idg_0H,3vw3_0N
6kdh_0:
:6kdi_0H
:6b0h_1P,6b0h_0P
:1ob1_0P,1ob1_1P
4hdi_0,4hdi_1:
:1ibg_0H
:6xdg_1P
3hi5_0:3hi6_1P,3hi6_0P
6ani_0,6ani_1:
:7jic_0P
1xf2_1,1xf4_1,1xf3_0,1xf4_0,1xf3_1:2fr4_0PN,1i8m_0N,1xf2_0N,1p7k_0H,1p7k_1H,2fr4_1PN,1i8m_1N
7bm5_1,7bm5_0,7bm5_3:7bm5_2P,7ncs_0P,7nd0_0P,7bm5_4P
1ck0_0:2ck0_0P,3ck0_0P
:3ncy_0P,3ncy_1P
:4u1g_0P,4u1g_1P
:7jv4_0P,7jv4_1P,7jv6_0P,7jv4_2P,7jv6_2P,7jv2_0P,7jv6_1P
7dwu_0,7dwt_0:
:2vwe_0P,2vwe_1P
:1osp_0P
:5w06_0P
5xli_1,5xli_0:5xjm_0P,6jod_0P
6fbj_0:
:5o6v_1P,5o6v_0P
:6wno_0P,6wno_1P
6lnt_0,6lnt_1:
:7n0v_0P,7mxl_1P
:4zfo_0P,4zfo_1P
:7rah_0P
:3j8v_0P,3j8v_1P,3j8v_3P,3j8v_2P
:6lz9_0P
:7k9j_2P,7k9j_0P,7k9j_1P,7k9k_0P
6rco_0,6rco_1:6rcu_0P
:4xhj_1P,4xhj_0P
:1ncc_0P,1nca_0P
4qhk_3,4qhk_2:4qhk_1P,4qhk_0P
:6xob_2P,6xob_0P,6xob_1P,6xob_3P
3i2c_0:
:4qci_1P,4qci_0P
:7e7e_1P,7e7e_0P
:6kva_0P,6kva_1P
1e6o_0:1e6j_0P
5esa_0:5erw_0P
4jzn_0,4jzn_1:4jzn_2P
:4q6i_0P,4q6i_3P,4q6i_1P,4q6i_2P
6mtx_0:6nip_1P,6nip_0P
:6xqw_0P
:6b5l_0P,6b5m_0P
:5c0n_0P,5c0n_1P
:5hbv_0P,5hbt_0P
3nz8_0,3nz8_1:
4m61_0,4m61_1:
:4j6r_0PH
3cvi_0:3cvh_0P,3cvh_1P
:7dfp_0P
:3j3p_0P,3j3o_0P,1fpt_0P
:4f15_1P,4f15_0P,4f15_2P,4f15_3P
:7m8j_0P
:7o30_1P,7o30_0P
:7m3i_1P,7m3i_0P
:5lsp_0P,5lsp_1P
:6was_0P,6was_1P
:2aep_0PH
:2aeq_0PH
:1nfd_1P,1nfd_0P
5w05_0:
:7ahu_0P,7ahu_1P
1ae6_0:
6rnn_0,6rnn_1:6s3t_0P,6s3t_3P,6s3t_2P,6s3t_1P
:4lvo_0P,4lvn_0P
1d5i_0:1d6v_0H
:6b5n_0P,6b5o_0P
:7lkh_0P,7lkf_0P
2hwz_0:
:6hxw_1P,6hxw_0P
:3j1s_0P
3v0v_1,3v0v_0:3v0w_0H
:7eam_1P,7eam_0P
:7bsd_0P,7bsc_0P,7bsd_1P
:1axs_0H,1axs_1H
3cfe_1,3cfe_0:3cfd_1H,3cfd_0H
:6h0e_2P,6h0e_0P,6h0e_3P,6h0e_1P
:6x1w_0P
4qhn_0:
1ad9_1:1ad9_0P
:3ifn_0P,3ifl_0P
:1ncd_0P,1ncb_0P
:5wb9_0P
:7lsf_0P,7lsg_0P,7lse_0P
:4lmq_0P,4lmq_1P
:7kn4_0P,7kn4_1P
:6xp6_0P,6xp6_1P
:4jlr_0P,4jlr_1P
:4cni_1PH,4cni_0PH
:5hdq_0P
2adg_0,2adj_0:2adi_0H
6ias_0:6iap_1P
:7czp_0P,7czp_1P
:6bqb_0P
1d5b_1:1d5b_0P
:1afv_1P,1afv_0P
:1frg_0P
:6avn_0H,6b0n_0PH
:6dkj_1P,6dkj_0P
:6xdg_0P
1hil_1,1hil_0:1hin_0P,1ifh_0P,1him_1P,1him_0P
:5zia_0P,5zia_2P,5zia_1P,5zia_5P,5zia_4P,5zia_3P
:6ol7_5PH,6ol7_2PH,6ol7_0PH,6ol7_7PH
:6phf_1P,6phf_0P
:4ydl_1P,4ydl_0P
:4jzj_0PH,4jzj_1PH
:7jw0_2P,7jx3_2P,7jw0_1P,7jw0_0P
:7l0n_2P,7l0n_3P,7r6x_0P
4g6k_0:4g6m_0P
6yhq_0:
:5nuz_0P,5nuz_1PH
:3v7a_0P,3v7a_1P
:3kj4_1P,3kj4_0P
:6wm9_1P,6wm9_0P
5cd3_0,5cd3_2,5cd3_3:5cd3_1P,5cd5_0P
5aze_0:
:5t33_0P
:6myy_0P,6mzj_1P,6mzj_0P,6myy_2P,6myy_1P
:6mft_0P,6mft_1P
:4ht1_0P
:7k9h_1P,7k9h_0P,7k9i_0P
:6mjz_0P
:1ken_1P,1ken_0P
:4jfz_0P
:7e5o_0P
1cl7_0:
:7ey5_0P
:6bpa_0P,6bpa_1P
3iy0_0:
:6lhq_0P
:6sxi_1P
:2h1p_0P
:1rjl_0P
:3d69_1P,1nl0_0P,3d69_0P
:5xcs_0P
:1qgc_0P
:1i8i_0P,1i8k_0P
1ngq_0:1ngp_0H
:2xra_0P
:6b08_0P
:2y06_0P
:2y07_0P
:6bzy_0P
:4s1d_2PH,4s1d_0PH,4s1d_1PH,4s1d_3PH
:7jvd_0H
:2xzq_0P
:4ybq_0P,4ybq_1P
:2y36_0P
:4leo_0P
:5vag_0PH
4a6y_1:
:4ps4_0P
:7dnl_0P
4kuz_0:
4ky1_0:
1igc_0:
3iy3_0:
:6oz3_0P
:6lht_0P
:5tz2_0P
:4cmh_0P
:6o26_0P
1a5f_0:
5t1l_1,6ayn_1,5ivz_1,5hpm_0,6au5_1,5itf_0,6ayn_0,5euk_1,5hyq_0,5icy_0,5ivz_0,5th2_0,5iv2_0,6au5_0,5icx_0,6azl_0,5ff6_0,6axp_1,5t1k_0,5th2_1,5t1k_1,5itf_1,5t1m_1,5f88_1,5iop_0,6axp_0,5ff6_1,4gw1_1,5i2i_1,5i76_1,5esq_1,5etu_0,5iv2_1,5icx_1,5hpm_1,5iop_1,6azl_1,5hyq_1,5icz_0,5etu_1,5icy_1,1yy8_0,5i2i_0,5t1l_0,5id1_1,6azk_0,5id1_0,5id0_1,5id0_0,5t1m_0,5ir1_0,5icz_1,5i76_0,4gw5_1,4gw1_0,5f88_0,5esq_0,4gw5_0,6azk_1,1yy8_1,5ir1_1,5euk_0:4krp_1P,1yy9_0P,4kro_1P
7n3e_0:7r8m_0P,7r8m_1PH
:7lop_0P,6w41_0P,6xc7_0P,7lop_1P,6xc3_0P,7m6d_0P,7r8l_1P
7kza_0:
5mp5_1,5mth_1,4oz4_0,5mvj_3,5muq_1,5mvj_0,5mvj_2,5mth_0,5mx3_0,5mx3_1,5mvj_1,5muq_0,4oz4_1:5mp5_2P,5mp3_1P,5mp5_3P,5mp3_0P,5mp5_0P,5mo3_0P
3hmw_0:3hmx_0P
1bln_0,1bln_1:7a6e_0P,7a6f_0P,7a65_0P,7a6c_0P,7a69_0P
:3u9p_1P,3u9p_0P
:5h35_1P,5h35_0P,5h35_2P
:4n8c_0P,4n8c_1P
2v7h_1,2v7h_0:
:5ken_1P,5ken_3P,5ken_0P
:7d6i_0P
2bfv_0,1cfv_0:1bfv_0H
1mam_0:
:1clz_0H
1ucb_0:1cly_0H
6eyn_1,6eyn_0:6eyo_0P,6eyo_1P,6eyn_2P
:6wo5_0PH,6wo5_1PH,6woq_2P,6woq_0PH
:6uyg_1P
:7kgv_0P,7kgv_1P
6w7y_0,6w7y_1:
:6njn_1P,7ldd_1P,6njl_1P,6njl_3P,6njm_0P,6njn_2P,7lde_1P,7ldd_3P,7lde_3P,6njm_1P
:3jbq_1P,3jbq_0P
:3zdx_0P,5hdb_0P,4z7o_1P,3ze0_1P,3zdy_0P,3t3m_1P,3ze2_1P,3nig_1P,5hdb_1P,3ze0_0P,3t3m_0P,3nif_0P,2vdl_0P,4z7q_0P,3zdz_0P,3nid_0P,3zdx_1P,3ze1_0P,3nid_1P,2vdp_0P,3t3p_0P,2vdn_0P,4z7n_1P,2vc2_0P,3nig_0P,4z7q_1P,4z7o_0P,3zdz_1P,4z7n_0P,2vdq_0P,3t3p_1P,3ze1_1P,3nif_1P,2vdr_0P,3zdy_1P,2vdk_0P,2vdo_0P,3ze2_0P,2vdm_0P
6e64_1,6e64_0:6e62_1P,6e62_0P
:5wtt_0P,5wtt_1P
:7k8r_0H,7k8z_1PH,7k8z_0P
1rz7_0:4dvr_0P,3jwo_0P,3jwd_1P,3jwd_0P
3wii_1,3wii_0:3wih_0P,3wih_1P
4xpb_0,4xpt_0:6m38_0P,4m48_0P,4xp1_0P,6m0z_0P,4xph_0P,4xpg_0P,6m47_0P,4xp5_0P,4xp9_0P,4xp4_0P,6m3z_0P,4xpa_0P,4xnu_0P,6m0f_0P,6m2r_0P,4xpf_0P,4xnx_0P,4xp6_0P
:7cdj_0P
:6u59_1PH,6u59_0PH,6u59_2PH
3tnn_0,3tnn_1,3tnn_2,3tnn_3:4h8w_0P,5w4l_2P,5w4l_0P
:4rau_0P,4rau_3P,4rau_5P,4rau_7P,4rau_1P,4rau_4P,4rau_6P,4rau_2P
4x4x_1:4x4x_0P
:1nd0_2H,1ru9_0H,1nd0_1H,1nd0_0H,1rul_0H,1ruk_0H,1rup_0H,1rum_0H,1nd0_3PH,1ncw_0H,1rua_0H
:7e5r_2P,7cws_2P,7cai_0P,7e5r_1P,7cwn_5P,7cah_0P,7cac_0P,7cws_3P,7cak_0P,7cai_1P,7cwn_1P,7cak_1P,7e5r_0P,7cak_2P,7cws_1P,7cwn_3P
1jn6_0:1jnh_1PH,1jnh_2PH,1jnh_0PH,1jnh_3PH
3kym_1,3kyk_0,3kym_5,3kym_3:3kym_2P,3kym_7P,3kym_4P,3kym_0P,3kym_6P
:6x1t_5PH,6x1t_0PH,6x1t_3PH,6x1t_2PH,6x1t_1PH,6x1t_4PH
:6y1m_0H
6y1k_0:6y1l_0H
:6y49_0H
:3zl4_0H
:4k3j_0P
2o5z_0:2o5x_0H,2o5y_0H
:6wjl_1P,6wjl_0P
:6rlm_4P,6rlm_1P,6rlm_2P,6rlm_0P,6rlm_7P,6rlm_3P,6rlo_2P,6rlm_6P,6rlo_3P,6rlo_1P,6rlm_5P,6rlo_0P
:1kno_2H,1kno_1H,1kno_0H
2gfb_6,2gfb_2,2gfb_5,2gfb_0,2gfb_7,2gfb_3,2gfb_4,2gfb_1:
:7ecy_0P,7ebr_0P,7ebz_0P
:6nms_1P,6nms_0P
5vsh_1,5vsh_0,5vsh_2:5vsh_3P
:5k59_1P,5k59_0P
:7cwt_1P,7cyp_0P,7cyp_1P,7cwt_3P,7cyp_2P,7cyh_0P,7cwt_0P
1il1_0:
:6b3m_1P,6b3m_2P,6b3m_3P,6b3m_5P,6b3m_0P,6b3m_4P
:1egj_0P
5a1z_1,4uif_0,5a1z_0,5a1z_2,4uif_1,4uif_2,4uih_0,4uih_1:
:7kr5_0P,7kr5_1P,7kr5_2P
43c9_3,43c9_1,43c9_2,43c9_0:43ca_1H,43ca_2H,43ca_0H,43ca_3H
:7lfa_0P,7lfa_1P
:4y5v_2P,4y5v_1PH,4y5v_0P
:6kvf_1P,6kvf_0P
:6xsw_3P,6xsw_1P,6xsw_0P,6xsw_2P
4llu_1,4llu_0:
1l7i_0:1s78_1P,6oge_0P,1s78_0P
:5uea_0P,5uea_1P
:6bpe_2P,6bpe_1P,6bpe_0P
:6wvz_0P
:5czx_0P,5czx_1P
:3s88_0P,3ve0_0P
:1ztx_0P
:2ypv_0P
1dba_0:1dbj_0H,2dbl_0H,1dbk_0H,1dbb_0H,1dbm_0H
4dcq_0:
5gz0_1,5gz0_0:
:6xr0_0PH
5i73_0,6awq_0,5i75_0,6awp_0,5i71_0,6awn_0,5i6x_0,5i6z_0,6w2b_0,6w2c_0,6awo_0,5i66_0,5i74_0:
5ezl_0,5ezi_0,5ezl_1,5ezj_0:5ezo_0P
:1lk3_1P,1lk3_0P
1kfa_0,1kfa_1:
:6ohg_0P
:3dif_0P,4i2x_1P,3dif_1P,4i2x_0P
:3o2w_0H,3o2v_0H
:1qkz_0P
4lly_0,4lly_1:
3eyv_1:1s3k_0H,3eyv_0H
:6vca_2P,6vca_1P,6vca_0P,6vca_3P
:4h88_0P,4yxh_0P,4yxl_0P,4dgi_0P,4yxk_0P,4ma7_0P,4ma8_0P,4yx2_0P
7lyv_2:7m30_2P
:5mp1_0P,5mp1_3P,5mp1_2P,5mp1_1P
:5c6t_0P
3j6u_0:
4r96_1,4r96_0,4r96_3,4r96_2:
:7nx8_1P,7nx6_1P,7nx7_1P,7nxb_1P,7or9_0P,7nx9_1P,7nxa_1P
:7jr7_0P
1kem_0:1kel_0H
:1eap_0H
1nc2_0,1nc2_1:1nc4_1H,1nc4_0H
:4r4b_0P,4r4h_0P,4r4n_3P,4r4n_4P,4r4n_1P,4r4b_2P,4r4n_6P,4r4n_0P,4r4b_1P,4r4n_2P,4r4b_3P,4r4f_0P,4r4n_7P,4r4n_5P
:1qnz_0P
:5zs0_0P
3j3z_0,3gk8_0,3j93_0:
:3s96_0P,3s96_1P
:6xlz_0P
:6r0x_1P,6r0x_0P
5tlj_2:5tlj_0P,5tl5_0P,5tlk_2P,5tlk_0P
:5xs7_0P
:5gzo_1P,5gzo_0P
1fl5_1,1fl5_0:1fl6_1H,1fl6_0H
:5i9q_0P,5i9q_1PH
3utz_0:3utz_1P,3utz_2P
2v7n_3,2v7n_2,2v7n_0,2v7n_1:
:2ltq_1P,2zuq_1P,2ltq_0P,2zuq_0P
1igf_1,1igf_0:2igf_0P
:5eoc_0P
:6u9s_0PH,6u9s_1P
:6axl_1P,6axl_0P
:3j8w_1P,3j8w_3P,3j8w_0P,3j8w_2P
3qpq_3,3qpq_0,3qpq_2,3qpq_1:3ulu_2P,3ulv_2P
:2i9l_1P,2i9l_2P,2i9l_3P,2i9l_0P
4k23_0:4k24_0P
:1ejo_0P
7jxd_0:7jva_0PH,7jvc_1PH,7jvc_0PH,7jvc_2PH,7jxd_1P
:4u6h_1P,4u6h_0P
5i1l_0:5i1l_1P
5i1k_0:
5i1j_0:
4kmt_0:
:3raj_0P
:6vx4_0P
4a6y_0:
6e65_0:6e63_1P,6e63_0P
:1sy6_0P
:3mac_0P,4khx_0P
:7c6a_0P,7c61_0P
1q0x_0:1q0y_0H
:6mg7_0P
:6u6u_0P
:7mhy_0P
:7kd6_3PH,6vep_1PH,6vep_2PH,7kd6_1PH,6veq_0P,7kd6_0PH,5j3h_0PH,6vep_0PH,6veq_1PH
:7kd6_2PH,6vep_3PH
:3w13_0PH,3w12_0P,4zxb_0PH,3w11_0P,4oga_0P
4m7k_0:4m7l_0P
:5tq2_0P,5tpw_0P,5tq0_0P
:1fig_0H
4hwe_0:4hwb_0PH
4r97_0:4r9y_1P,4r9y_0P
4s2s_1,4s2s_0,6shg_0:7njz_0P,7nw3_0P
3oz9_0:
:6vrq_0PH
:6lgw_0P,6lgw_1P,4m43_0H
1ay1_0:1bgx_0P
2aju_0,2ak1_0:2ajy_0H,2ajz_0H,2ajv_0H,2ajs_0H,2ajz_1H,2ajx_0H
:7c4s_0P,7c4s_1P
2uyl_2,2uyl_0,2uyl_1,2uyl_3:
5fha_0:5fhc_1P
3qny_1,3qnx_0,3qo1_0,3m8o_0,3qny_0:3qo0_0P,3qnz_0P
:5vqm_1P,5vqm_0P
:7m3n_0P
1for_0:1rvf_0P
5myo_1:5myo_0P
:7mxl_2P
:7ly3_1P,7ly2_5PH,7ly2_3PH,7ly3_0PH,7ly2_1PH,7ly0_0P
1dsf_0:
4hxa_0:
4h20_0:
7n3f_0:
2hkh_0:2hkf_0P
:6pef_1P,6pef_0P
6wkm_0:
7cvy_3,7cvy_0,7cvy_2,7cvy_1:
:5dsc_3P,5dsc_2P
3qrg_0:
15c8_0:35c8_0H,25c8_0H
:4onf_0P,4ong_0P
:5ob5_0P
2vl5_0,2vl5_1:2y5t_0P
:4jzo_0P,4jzo_2P,4jzo_1P,4jzo_3P
:4np4_0P,4np4_1P
:5u8q_0PH,5u8r_0PH
:5xwd_0P
:3tt3_0P
:4yhn_0P,4yho_0H,4yhn_1P
3pp3_0,3pp3_1:6y9a_0P,3pp4_0P,6y97_0P
:6h5n_0P,6h5n_1P
:1f11_0P,1f11_1P
7lyv_3,7lyv_0,7lyv_1:
:4ygv_1P,4yhi_0H,4yhi_1H,4ygv_0P,4yhk_0H
4yhl_0:4yhm_0H
:7lss_0P
:6nyq_0P
:6h3t_0PH,6h3t_1PH
:5d1q_0P
:5n7w_1P,5n7w_0P
:5drn_1H,5drn_0H
3u9u_1:3u9u_0P
:5d8j_0P
:7m52_0P,7m55_0P,7m53_0P,7m51_0P
6arp_1,6arp_0:6aru_0P
:7lf8_0P
2agj_0:
:5ea0_0P
:7jn5_0P
:7jln_0P
6h3h_0,6h3h_1:
1a4j_0,1a4j_1:
1a4k_1,1a4k_0:
4ebq_0:4etq_1P,4etq_0P
:2xwt_0P
:5sx4_0P,5sx5_1P,5sx4_1P,5sx5_0P
4llw_1,4llw_0:
3mxv_0:3mxw_0P
5f7e_0:5fec_0P,5fec_1P
:5vig_0P,5vig_1PH
:6vjn_0P
:7k66_0P
:6h2y_0P
3vfg_0:
:6wqo_1P,6wqo_0P
:5dsc_1P,5dsc_0P
:1kb5_0P
5nbi_0:
:6o1f_0P
:2h32_0P
:6nmt_0P
:5kvd_0P
1rmf_0:
:4hpy_0P
:6nov_1PH,6nov_0P
1ruq_0,1rur_0:1a3l_0H
6and_0:
:3liz_0P
3qpx_0:
:6lra_0P
:7dnh_0P
32c2_0:
1t2q_0:
2d03_0:
:7lf7_1P
7km6_1,7km6_0:
:3ma9_0P,4kht_0P
5tr8_0:
:1yjd_0P
4aeh_0:
6wx1_0:
:7jgj_0P
:4rzc_1H,4rzc_3PH,4rzc_0H,4rzc_2PH
:3dgg_1P,3dgg_0P
:4q0x_0P
:5eoq_0P
:2zjs_0P
:7mzl_0P
:1c1e_0H
:6jmr_0P
:6c08_0P,6c08_1P
:6s5a_0P
:6mlk_0P
:7ec5_0P
:6cxy_0P
:6gv4_0P
:6k0y_0P
:5nj6_0P
:4lbe_0P,5ec2_0P,4msw_0P,3fb5_0P,5j9p_0P,4uuj_0P,2hjf_0P,5e1a_0P,5ec1_0P,1r3i_0P,1s5h_0P,2hvj_0P,3fb6_0P,6w0f_0P,1zwi_0P,6nfv_0P,2w0f_0P,3gb7_0P,5ebm_0P,2nlj_0P,1k4d_0P,2boc_0P,5vke_0P,2ih1_0P,6by2_0P,1r3k_0P,3or7_0P,6by3_0P,2jk5_0P,2dwd_0P,6w0g_0P,1r3j_0P,2hfe_0P,3hpl_0P,2hg5_0P,2hvk_0P,3fb7_0P,5vkh_0P,2ih3_0P,6w0a_0P,2atk_0P,3or6_0P,4lcu_0P,6nfu_0P,1k4c_0P,3f5w_0P,2itd_0P,3iga_0P,5vk6_0PH,6w0b_0P,3stl_0P,3stz_0P,1r3l_0P,6w0e_0P,5ebw_0P,6pa0_0P,6w0c_0P,3f7v_0P,3fb8_0P,6w0i_0P,2bob_0P,2p7t_0P,6w0j_0P,6w0d_0P,2h8p_0P,2dwe_0P,6w0h_0P,3ogc_0P,3f7y_0P,2itc_0P,5ebl_0P
1uyw_0,1uyw_1:
4r7n_3,4r7n_6,4r7n_8,4r7n_9,4r7n_0,4r7n_5,4r7n_2,4r7n_7,4r7n_4:4r7n_1P
:7e39_0P
6bpb_0:6bpc_1P,6bpc_0P
:2jb6_0H,2jb5_0H,2jb6_1H
:3hnt_0H,3hnv_0H,3hns_0H
:3vi4_0P,3vi3_1P,3vi3_0P,3vi4_1P
:4o02_0P
6jc2_0:5xj3_0P,5tru_0P,5tru_1P,7elx_1P,6rp8_1P,5xj3_3P,5xj3_1P,6rp8_0P,7elx_0P,5xj3_2P
:7cwn_2P,7cwl_2P,7cwn_4P,7cwn_0P,7cwm_0P,7e5r_5P,7cwl_0P,7cwu_5P,7cwm_2P,7cwl_1P,7cwo_0P,7cwu_4P,7cwm_1P,7e5r_4P,7cwu_3P,7e5r_3P
2rcj_2,2rcj_4,2rcj_6,2rcj_7,2rcj_3,2rcj_1,2rcj_0,2rcj_5,2rcj_9,2rcj_8:
:6dfi_0P,6dfj_0P
:7dd2_0P,7dcx_1P,7dd8_0P,7dcc_2P,7dcc_1P,7dcc_0P,7dcx_2P,7dcx_0P,7dd2_1P
1mhh_0,1mhh_1,1nlb_0:1xf5_0P,1xcq_3P,1ymh_0P,1xf5_1P,1xct_1P,1xcq_0P,1xcq_1P,1ymh_1P,1xcq_2P,1n64_0P,1xct_0P
:4fab_0H
:1flr_0H
6u1t_0:6tys_2P,6tys_0P,6tys_1P
3o11_1,3mcl_0,3o11_0:5w3p_0P
:5ywo_0P,5ywo_1P
:7k9z_1P
:6hco_0P,5njg_0PH,7neq_0P,6eti_0P,7neq_1P,6hco_1P,7nfd_0P,5njg_1PH,6feq_1P,6feq_0P,6eti_1P,7nfd_1P,7nez_1P,7nez_0P
5niv_0:5nj3_1PH,5nj3_0PH
:1yuh_0H,1yuh_1H
5ifa_0:5if0_0P,5if0_1P,5ies_0P
:3sqo_0P
2gsg_0:2gsg_1P
:2otu_0P,2otu_1P,2otu_3P,2otw_1P,2otw_0P,2otu_2P
5tjd_0:
5adp_0:5ado_0H
:6z06_0P,7b09_0P
6w4w_0:1i9r_2P,1i9r_1P,1i9r_0P
6w5a_0,6bjz_0:6w9g_0P,6w9g_2P,6w9g_1P
:7cgw_0P,7cgw_1P,7bxa_0P,7bxa_1P
:7cjf_0P
6pxg_0,6pxg_2,6pxg_3,6pxg_1:6pz8_0P,6pz8_2P,6pz8_1P,6pxh_1P,6pxh_0P
6ks2_0,6ks2_1:6ko5_0P
1igt_1,1igt_0:
:4web_0P,7mwx_1P,7mww_0P,7mwx_0P
:6i04_0P,6i04_1P
4f33_0,4f33_3,4f33_2:4f33_1P,4f3f_0P
3gnm_0:
:6pv7_0PH,6pv7_1PH,6pv8_0PH,6pv8_1PH
:6wwc_0P,6wwc_1P
:6wx2_0P,6wx2_1P
:6cdo_0P
:2b2x_1P,2b2x_0P
1s5i_0,1f8t_0:1f90_0P
:7k7h_0P
6meg_0:6mej_0P,6mek_1P,6mek_2P
:7kqe_2P,7kqe_1P,7kqe_0P,7m7b_0P
6w4v_0:6w4s_0P,6wbv_0P
1mqk_0:3ehb_0P,3hb3_0P,1qle_0P,1ar1_0P
5az2_0:5e8d_0P
:5tkj_2P,5tkj_0P,5tkj_1P,5tkj_3P
6a9k_0,6a9k_1:6igu_0H
:6mqm_3P,6mqm_1P,6mqm_0P,6mqm_2P
4gq9_0,3j2y_3,3j2z_3,3j2z_1,3j2y_0,3j2y_2,3j2z_0,3j2y_1,3j2z_2:
:4o9h_0P
:1ct8_1H,1ct8_0H
:1mh5_1H,1mh5_0H
:7ej4_1P,7f62_0P,7ej4_0P,7ej4_2P
5i17_0,5i17_1:
:5i16_1P,5i16_0P
:2xqy_1PH,2xqy_0PH
:6cdm_1P,6cdm_0P
:7m6i_1P,7m6i_0P
:2adf_0P
:6b5r_0P,6b5p_0P,6b5t_0P,6b5s_0PH
5i1i_0:
5i1h_0:
5i1e_0:
5i1g_0:
5lgh_0,5l7x_0:5l9d_0H,5l88_0H
:6nuy_0H
:3iet_0PH,3iet_1PH
:3if1_1PH,3if1_0H
1axt_0:3fo9_1H,3fo9_0H
:4ffz_0P,4ffz_1P
:4ffy_0P
:6bzu_3P,6bzu_1P,6bzu_2P,6bzu_0P
:6bzv_3P,6bzv_1P,6bzv_0P,6bzv_2P
:3jau_0P
:3opz_2P,3opz_1P,3opz_0P
5ywf_0,5ywf_1:5ywp_0P,5ywp_1P
2fat_0:3bt2_0P,2fd6_0P
:6lyn_1PH,6lyn_0P
:3bsz_0P,3bsz_1P
:6vbp_0P,6vbp_3P,6vbp_1P,6vbp_2P
4gay_0:6sxi_0P,4gag_0P,4gay_1H,4gaj_0P
:7ki4_0P,7ki4_1P,7ki4_2P
1jgv_0:1jgu_0H
:1mfe_0H,1mfb_0H,1mfc_0H,1mfd_0H
5t0y_2,5szf_0,5t0y_1,5t0y_0:
:4i77_0P
:7rnj_0P
6hgu_1,6hgu_0:6hga_0P
:7bxv_0P
:7ce2_0P
:5eoc_1P
:5epm_0P,5epm_1P
:5w4l_1P,5w4l_3P
:6o9i_0P,6o9h_0P,6o9h_1P
6wyt_0:
5bq7_0:
:3ntc_0H
6lkt_0:
:6ujc_0P
1bbd_0:1a3r_0P
:7mmo_0P,7mmo_1P
4r7d_1,4r7d_4,4r7d_2,4r7d_3,4r7d_7,4r7d_5,4r7d_0,4r7d_6:
:6dzr_0H,6u85_0H
:6nha_0P
:6x1s_0PH,6x1s_2P,6x1s_1PH,6x1s_3PH
1i9i_0:1i9j_0H
:6m87_3H,6m87_2H,6m87_0PH
1lo0_1,1lo0_0:1lo2_1H,1lo2_0H,1lo3_0H,1lo3_1H
:6ju0_1PH,6ju0_0PH,6ju0_2PH,6ju0_3PH
:6j6y_0P,6j6y_1P
:1a0q_0H
:4oqt_0P
4g5z_0:4g6j_0P
:5vxr_0PH
:6m3c_1P,6m3c_0P,6m3c_2P
:1fsk_2P,1fsk_0P,1fsk_3P,1fsk_1P
:6cnj_2PH,6cnk_0PH,6cnj_1PH,6cnj_0PH,6cnk_1P
3clf_0:
3fzu_1,3fzu_0:
:5cus_2P,5cus_1P,5cus_0P,5cus_3P
:6f7t_0P,6f7t_1P
7l6m_0,7lua_0,7l6m_1:7lua_1H
2vq1_1,2vq1_0:
3mo1_0:3mnv_0P,3mnw_0P,3mnz_0P,3mnv_1P
:6k68_3P,6k68_2P,6k68_1P,6k68_0P
1igj_0,1igj_1,1igi_0:
:4ouu_1P,4qxu_0P,4p3c_0PH,4p3d_0PH,4ouu_0P,4p3d_1PH
:5tzu_0P,7myz_0PH,7myz_1PH
2w60_0:2w65_1PH,2w65_0PH
:4jre_0P,4jr9_0P,4jre_1P
:5b6f_0PH,5b6f_1H,5b6f_2PH,5b6f_3H
6c5i_0:
:6pyc_1P
2z4q_0:
:1pkq_1P,1pkq_0P
7n3g_0:7n3i_0P
:4rgn_3P,4rgn_1P
4ncc_1,4ncc_0:7l5j_0P,7l5j_1P
:7bq5_1P,7bq5_0P
:4ojf_0P,4hix_0P
:4ij3_0P
:6n5d_0P,6n5d_2P,6n5d_1P
:5kn5_0P,5kn5_1P
:7m6d_1P
:4hc1_0P,4hc1_1P
:6r2s_0P
:6o9i_1P
:6c9u_0P
3eot_0:
:1mhp_0P,1mhp_1P
:6uud_0PH
2xza_0,2xzc_0:
5ysl_3,5ysl_2,5ysl_0,5ysl_1:
3cle_0:
:6zvf_0P
:6dg2_1P,6dg2_0P
:6t3j_1P,6t3j_3P
:2jel_0P
:6m87_1H,6m87_5H,6m87_4PH
:1ynt_0P,1ynt_1P
6vos_0:6vo1_1P,6vo1_2P,6vo1_0P
6lun_0,6lun_1:
:3ffd_0P
:7ki6_2P,7ki6_1P,7ki6_0P
:4m1g_0P
:6u38_0P,6u36_0P
:6nv0_1PH,6nv0_0PH
:6jwc_0H
5i18_0:
:5i15_0H
:6n6b_0P
:3ld8_0P,3ldb_0P
7kzc_0:7kzc_1P
:5mvz_0P,5mvz_1P
:6pzf_0P,6pzf_1P,6u02_1P,6u02_0P,6u02_3P,6u02_2P
:7s4s_0P
:5d96_1P,5d96_0P
:6c5j_0H
:7dnk_0P
2g2r_1,2g2r_0:
:6v4p_0P
5ilt_0:
1l7t_0:1vpo_0H
:3qum_0P,3qum_2P
1mj8_0:
:7mhy_1P,7mhz_0P
:6vy4_1P,6vy4_0P
:6lcs_0H
:1orq_0P
:5xqw_0H
:6cdp_0P
:6jmr_1P,6jmq_0P
:4hs6_1P,4hs6_0P
:6ieb_0P,6ieb_1P
:7c80_0P
:5eor_0P
:2fbj_0H
5cma_0:
:1mfa_0H
:5kvf_0P
:2hh0_0P
:3wsq_0P
:6j14_0P
:1t66_1H,1t66_0H
4ma1_1:4m7j_0H,4m7z_1H,4m7z_0H
:7o9s_0P
:6t3j_2P,6t3j_0P
1jv5_0:
:6vc9_0P
1lo4_0:
:1eo8_0P
6bpd_0:
:7jmo_0P
2gcy_0:
:1ors_0P,2a0l_1P,2a0l_0P
:6d2p_0P
:4g6a_1P,4g6a_0P
4dn3_0:4dn4_0P
:7nd3_0P
:3gkw_0H
:7dk4_1P,7dk7_2P,7dk5_0P,7dk4_2P,7dk6_0P,7dk4_0P,7dk6_1P,7dk7_1P
4m93_0,4ma1_2,4m93_1:4ma1_0P
:7e8c_5P,7e8f_2P,7e8c_0P,7e8c_4P
:3uyr_0PH,3v52_0P,3uo1_0P,3v4u_0P
3j30_0,3j2x_0,3j2x_2,3j2x_1,3j2x_3,3j30_3,3j30_2,3j30_1:
6c6x_0,6c6x_2,6c6x_1,6c6x_3:6c6y_1P,6c6y_0P
5f6h_0,5f6h_1,5f6h_3,5f6h_2:5f6j_0P,5f6j_1P
:6wfw_0P
:6vyv_3P,6w09_2P,6mw9_1P,6mui_2P,6mwv_2P,6mwc_2P,6vyv_2P,6mwc_1P,5any_3P,6mwv_0P,6mw9_2P,6mwv_3P,6mwc_0P,6vyv_0P,5any_1P,6w1c_0P,6mui_3P,6mwx_1P,6w09_0P,6mwx_2P,6mwc_3P,6mwx_3P,6w09_3P,6w1c_3P,5any_2P,6mw9_0P,6mui_1P,6w09_1P,6vyv_1P,6mw9_3P,6mwv_1P,6mwx_0P,6w1c_1P,6mui_0P,5any_0P,6w1c_2P
1f4w_0:1f4x_0H,1f4y_0H
1qbm_0,1qbl_0:1wej_0P
:1i7z_1PH,1i7z_0PH
:4c83_1PH,4c83_0H
:6x3x_0P,6x3s_1P,6x3w_1P,6x3t_1P,6x3x_1P,6x3u_1P,6d6u_0P,6x3z_1P,6d6u_1P,6x3v_1P,6x3t_0P,6x3s_0P,6x40_1P,6x3w_0P,6d6t_0P,6x40_0P,6x3u_0P,6x3v_0P,6x3z_0P,6d6t_1P
:6aod_0P
7lk9_0,7lk9_1,7lk9_3:7lk9_2P
7lka_1,7lka_0:7lka_3P,7lka_2P
:3hr5_3P,3hr5_2P,3hr5_1P,3hr5_0P
:6xc4_1P,6xc4_0P,7kn6_1P,6xc7_1P,7kn7_1P
:7kqb_1P,7kqb_0P,7m71_0P
:6plh_0PH
:4am0_3P,4am0_0P,4ala_0PH,4am0_1P,4am0_2P,4al8_0P
6uga_0:6ug7_0H,6ug9_2H,6uga_1P,6ug8_0H,6ug9_0PH,6ug9_1PH
:6fla_1P,6fla_0P,6flb_0P
:4kuc_0P,4kuc_1P
4m6n_0,4m6m_0:
:3wlw_1P,3wlw_0P
7n3h_0:7r8l_0P
:6xc3_1P,6xc2_1P,6xc2_0P
:4lkx_0P
:2pcp_1H,2pcp_0H
:6hig_0P
4mau_0:
:3b9k_1P,3b9k_0P
:6xcn_2P,6xcn_1P,6xcm_1P,6xcm_0P,6xcn_0P
6xca_0:
:6bzw_0P,6bzw_3P,6bzw_2P,6bzw_1P
:5umi_0P,5umi_1P
:5d1x_0P
:7bej_0P,7nd6_0P,7bek_0PH
3o6k_0:3o6l_0P,3o6m_0P
4dvb_0,4dvb_1:4dw2_0P
:1uj3_0P
:6c5k_1PH,6c5k_0PH
:7mzj_1P,7mzi_0PH,7mzk_1P,7mzj_0PH,7mzk_0P
:3e8u_0P
:4tsc_0P
:5d72_0P,5d72_1P
5d7s_0:5c7x_1P,5c7x_0PH
1a6t_0,1a6t_1:
:5dub_1P,5ds8_1P,5dub_0P,5ds8_0P
:3qum_3P,3qum_1P
:6aj7_0P,6aj9_1P
:6okn_0P,6okn_1P,6ogx_0P
5tlj_3:5tlj_1PH
6ev1_2,6ev1_4,6ev2_3,6ev2_2,6ev1_5,6ev1_0:6ev1_3P,6ev2_1H,6ev1_1P,6ev2_0H
:5jo4_1P
6z7x_0:6z7y_1P,6z7y_0P,6z7z_1P,6z7z_0P
:7ezv_0P
2g75_0,2g75_1:2dd8_0P
1c5d_0:1c5d_1P
5yup_0:
:6c5h_0H
:4hj0_0P,4hj0_1P
:6uc5_0P
:6iut_0PH
5bvj_1,5bvj_0,5bvj_2:5bvp_0P,5bvj_3P
:6jjp_0PH,6jjp_1PH
:3s35_0P
:7chp_0P
:1iqd_0P
:6bdz_0P
:2arj_0P,2arj_1P
:2cmr_0P
:6ddr_0P
:4l5f_0P
4gmt_1,4gmt_0:4gms_1P,4gms_2P,4gms_0P
1jpt_0:1pg7_0P,1pg7_1P,1jps_0P
:3ks0_0P,3ks0_1P
:4bz1_0P
:6xe1_0P
:2nz9_1P,2nz9_0P
:6wmw_0P
:6xkr_0P
6dc7_0,6dc7_1:6dc8_0P
4qxg_0:
3we6_0:3wif_0H,3wfh_0H,3whx_0H
:4ffv_0P,4ffv_1P
:4ffw_0P,4ffw_1P
:4v1d_0P
3ls5_0:3ls4_0H
2g60_0:
:6b9j_1P,6b9j_0P
1uz6_3,1uz6_0:1uz6_1P,1uz8_1PH,1uz6_2P,1uz8_0PH
5opy_0:6avr_0P,6avq_0P,6avu_0P
:4oii_0P,4oii_1P
5itb_0:5j3d_0P,5j3d_2P,5j3d_1P
:6iap_0P
6wju_1,6wju_0:
:7c88_1P,7c88_0P
:6phb_1P,6phb_0P
:7bem_0P
:7neh_0P,7neg_0P
1t4k_0,1t4k_1:
:5jhl_0P
:4ttd_0P,4ttd_1P
3vg0_0:3v6o_1P,3v6o_0P
:2ybr_1P,2yc1_0P,2ybr_2P,2yc1_1P,2ybr_0P
1um6_0:1um4_0H,1um5_0H
5tf1_0:
1fgn_0:1ahw_1P,1ahw_0P
:7m6g_1P,7m6g_0P
:1xgy_0P,1xgy_1P
7bg1_0:
4j1u_0,4j1u_1,4j1u_2:
:6mnq_0P
:1cic_0P
:1jhl_0P
1k6q_0:
:7kpg_0P
:4tsa_0P
:7k9z_0P
7fab_0:
4kq4_0:
:2nyy_0P
:5w5z_0PH,5w5x_0P
6djp_0:
:6j15_0P,6j15_1P
:2vxq_0P
:2bdn_0P
6p79_0:
:4tsb_0P
4lex_0:
:6bfs_0P
:6ion_0P
:6y1n_0H
:6iec_3P,6iec_2P,6iec_1P,6iec_0P
3s34_0:3s36_0P,3s37_0P
3mj8_1,3mj8_0:3mj9_0P
:6s8i_0P,6s8i_2P,6s8i_1P
:7mfr_1P,7mfr_0P
:6a3w_0P,6a3w_3P,6a3w_1P,6a3w_2P,6mi2_1P,6mi2_0P
:1ynl_0H
:3u0t_1P,3u0t_0P
:7jix_0P
:5w3o_0P,5w3m_0P,5w3l_0P,5w3e_0P
:5d93_0P,5d93_1P,6hf1_0P,6hf1_1P
4ocy_0,4ocx_0:
:3ab0_0P,3ab0_1P
:4lqf_0P
:5mu2_0P,5mv4_7P,5mu2_3P,5mv3_7P,5mub_7P,5mv4_6P,5mub_4P,5mub_2P,5mu0_0P,5mv3_5P,5mv4_5P,5mu0_2P,5mu0_3P,5mv3_0P,5mu2_4P,5mu0_7P,5mv4_2P,5mu0_5P,5mv4_0P,5mub_0P,5mu2_6P,5mu2_1P,5mv3_3P,5mu2_7P,5mv4_4P,5mu0_6P,5mv3_4P,5mu2_5P,5mu2_2P,5mub_3P,5mv4_3P,5mub_6PH,5mub_5P,5mu0_4P,5mub_1P,5mu0_1P,5mv4_1P,5mv3_6P,5mv3_2P,5mv3_1P
:3j8z_2P,3j8z_1P,3j8z_0P,3j8z_3P
:6p8d_0P,6p8d_1P
5nb5_1,5nb5_0:
:7mlv_3PH,7mlu_3P,7mlv_1P,7mlu_0P,7mlv_0P,7mlu_4P,7mlu_2P,7mlv_2P,7mlu_1P
6dwc_0,6dwc_1:6dwa_1H,5d6c_0H,5d6c_1H,6dwa_0H
:4y5y_0P,4y5y_1P
2ojz_1,2ojz_0:2ok0_0N
:5t5n_4P,4rdq_1P,5t5n_1P,4rdq_2P,4rdq_4P,5t5n_3P,4rdq_0P,5t5n_2P,4rdq_3P,5t5n_0P
:5aum_0P,5aum_1P
:2jix_0P,2jix_2P,2jix_1P
1vfa_0:1dvf_0P,1a2y_0P,1vfb_0P
:1g7i_0P
:1g7m_0P
1a7r_0:
:1kir_0P
:1g7j_0P
:1g7h_0P
:1g7l_0P
6tnp_1,6tnp_2,6tnp_5:6tnp_4PH,6tnp_3P,6tnp_0PH
:6xzw_0P
6bsp_0:3jba_0P
:7kn3_1P,7kn3_0P
:4i9w_0P,4i9w_1P,4wfh_1P,4wfg_0P,7ljb_1P,7lj4_0P,7lj5_0P,7lja_0P,7lja_1P,4wfe_0P,4wff_0P,4wfe_1P,7lj4_1P,7ljb_0P,4wfh_0P,7lj5_1P,4wfg_1P,4wff_1P
:5xcq_0P,5xcr_0P,5xcr_1P
:2zpk_0P
:2zpk_1P
3g5x_0,3g5x_1:
2w9d_0:2w9e_0P,6suz_0P,6sv2_0P
:1za6_0P,1za6_2P,1za6_3P,1za6_1P
6pe9_0:6pe9_4P,6pe9_1P,6pe9_2P,6pe9_3P
:3lex_1P,3lex_0P
4trp_0:4tuk_0P,4tuo_0H,4tuj_0P,4tul_0P,4tuo_1H,4tuj_1P
:6lz4_0P
:6lz4_1P
:6did_2P,6did_0P,6did_1P
6cjk_0,6cjk_1:
:7lf2_3P,7lf2_1P,7lf2_0P,7lf2_2P,7lf2_5P,7lf2_4P
1mrc_0:1mrd_0H,1mrf_0H,1mre_0H
1nj9_0,1nj9_1:
:5f3b_0P,5f3b_1P
3iy6_0:3jcx_0P
:4d3c_0P
1a7p_0:
1a7n_0:
1a7o_0:
:7cmk_0P,7c81_0P
:6ldx_0P
:4ag4_0P
3r06_3,3r06_0,3r06_2:3r06_1P,3r08_0P
:3ujt_1PH,3ujt_0H
6dwi_1,6dwi_3,6dwi_5,6dwi_4:6dwi_2P,6dwi_7P,6dwi_0P,6dwi_6P
:5i8o_0H
:6pyd_1H,6pyd_0H
5tfs_0:
1cgs_0:1ynk_0H,2cgr_0H
:5bmf_0H
2zkh_0:1v7m_1P,1v7m_0P,1v7n_3P,1v7n_0P,1v7n_2P,1v7n_1P
:5do2_1P,5do2_0P
:4bkl_0P
:6aj9_0P
:6ujb_0P
:7e86_0P
:1kip_0P
:2e27_0H
1mlb_0:1mlc_1P,1mlc_0P
:7kmi_0P
6gc2_0:
:5xct_0P
:4r0l_1PH,4r0l_0PH
4lci_0:
6pe7_0:6pe8_0P,6pe8_1P
:2q76_1P,2q76_0P
5vkk_0,5vkk_1:5vl3_0P,5vl3_2P,5vl3_1P,5vl3_3P
:4zpt_1P,4zpt_0P,4zpv_1P,4zpv_0P
:3g5y_0P
3nfs_0:3nfp_1P,3nfp_0P
:5dwu_0P
2d7t_0:
:2j88_0P
:6ddm_0P
5f6i_0:
1kcv_0:1kcs_0P
1kcu_0:1kc5_0P
5whj_0:5whk_0P
:4ypg_0P,4ypg_1P
6lhp_0:
:5ldn_0P
1a7q_0:
:5v6m_0P
1b2w_0:
:6x1v_0P
:6ewb_3P,6ewb_2P,6ewb_0P,6ewb_1P
:5x5x_0H
1t04_1,1t04_0,1t3f_0:
:1p2c_0P,1p2c_1P
:7e7x_0P,7e7x_1P
:6pxr_0P
:5vta_2P,5vta_3P,5vta_1P,5vta_0P
:6vel_0P
:5t78_1P,5t6p_0P,5t78_0P,5t6p_1P
2xkn_1:2xkn_0H
3hc3_0:
:6wds_0P
2r6p_0,2r6p_1:2r69_0P,2r29_0P
:1tet_0PH,1zea_0PH
:6fgb_0P
4uom_0:
:2iff_0P,1yqv_0P,1bql_0P
:5mo9_0P
1h3p_0:
2c1o_0:2c1p_0H,2c1o_1P,2c1p_1PH
1wt5_1,1wt5_0:
:7e9b_0P
:5w0k_1P,5w0k_0P
3hc0_0,3hc0_1:
1bvl_0:1bvk_1P,1bvk_0P,1bvl_1P
:5tzt_0P,5tzt_1P
:1cic_1P
:1fdl_0P
:3dsf_0P,3cxd_0P
:2nr6_0P,2nr6_1P
:4p59_0P
1hq4_0,1cf8_0,1hq4_1:
:6pdr_0P
5h2b_0:
:7eak_0P
:7b3o_0P
:3g5v_0P
:1kcr_0P
:6vbo_0P
:7bz5_0P
4kq3_0:
6kx0_0:6kx1_0P
4otx_0,4otx_1:
:6osv_0P
1b4j_0:
:6dca_3P,6dca_0P,6dca_1P,6dca_2P
3iy7_0:
:1kiq_0P
:4liq_0P
:5tlk_3P,5tlk_1P
:7mxl_0P,7n0u_0P
:5czv_0P
:3ley_0P
:6xpx_0PH
:6ol5_0P
3hc4_0:
1jhk_0:1jgl_0H
3g5z_0:
:2ddq_0H
6l8t_1,6l8t_0,6l8t_2:
4nhh_0,4nhh_1,4nhh_5,4nhh_3,4nhh_2:4nhh_4P
:6vmk_2P,6vmk_14P,6vmk_0P,6vmk_1P,6vmk_9P,6vmk_11P,6vmk_8P,6vmk_4P,6vmk_12P,6vmk_3P,6vmk_5P,6vmk_7P,6vmk_6P,6vmk_15P,6vmk_13P,6vmk_10P
:6vmj_0P,6vmj_3P,6vmj_1P,6vmj_2P
:6qd8_2P,6qd8_1P,6qd8_0P
7lsi_1,7lsi_0:
7lsb_0:
:6x8q_0P,6x87_6P,6x87_4P,6x87_0P,6x87_2P,6x8u_0P,6x8p_0P,6x87_5P,6x87_3P,6x87_1P,6x8s_0P
:5tkk_0P
:5dyo_0PH,5dyo_1PH
:7o33_0P
4amk_0:
5n2k_3,5n2k_7,5n2k_5,5n2k_0,5n2k_1:5njd_2P,5njd_0P,5njd_1P,5n2k_4P,5njd_4P,5njd_3P,5n2k_2P,5njd_5P,5n2k_6P
:5cp3_0H
:5cp7_1P,5cp7_0P,5cp7_2P,5cp7_3P
:4qhu_0P,4qhu_1P
5x4g_0:5x0t_1P,5x0t_0P
:7s13_1P,7s13_0P
6xud_0:6xtg_0H
3c5s_1,3c5s_0:3ggw_0P,3c6s_2H,3c6s_0H,3bz4_0H,3bz4_3H,3ggw_1P,3c6s_3H,3bz4_1PH,3c6s_1H,3bz4_2H
1mie_0:1mj7_0H
:7e88_2P,7e88_0P,7e88_1P
:1tqb_0P,1tpx_0P,1tqc_0P
:7d00_1P,7czr_1P,7czs_0P,7czr_0P,7czs_1P,7czs_2P,7d00_0P
2eh7_0:2eh8_0P
:7r8a_0P,7r89_0P,7r87_0P,7r88_0P,7r8b_0P
:6ldy_1P,6ldy_0P
:1fe8_0PH,1fe8_2PH,1fe8_1PH
7cvz_1,7cw3_0,7cw2_1,7cw3_2,7cw0_1,7cw3_1,7cw3_3,7cw0_0,7cw2_0,7cvz_0:
1gpo_1,1gpo_0:
:7jwp_3P,7jwp_6P,7jwq_1P,7jwp_5P,7jwp_2P,7jwp_1P,7jwp_7P,7jwp_4P,7jwp_0P,7jwq_0P
:2uzi_0P
:6y54_2PH,6y54_1PH,6y54_0PH
:3qg6_0P,3qg7_0H,3qg6_1P
5e2t_0,5e2u_0:5e2w_0P,5e2v_0P
5jor_1,5jor_2,5jor_3:5jop_1H,5jor_0P,5jop_0H
:5myx_1P,5myx_0P
:1uwg_1H,1uwg_0H
:5th9_0P,5th9_2P,5th9_1P
1cr9_0:1cu4_0P
5gks_0:5gkr_0PN,5gks_1P
5gkr_1:
:4d9r_0P,4d9q_1P,4d9q_0P,4d9r_1P
:3zkm_0P,3zkn_1P,3zkm_1P,3zkn_0P
:4jo2_0P,4jo1_1P,4jo2_1P,4jo1_0P
:4ki5_0P,4xzu_0P,4xzu_1P
:5t1d_0P
1mju_0:1mjj_1H,1mjj_0H
:5vzy_0P,5vzx_0H,5vzx_1H
:1f3d_0PH,1f3d_1H
1ub5_1,1ub5_0:
:7kmh_0P
1mim_0:3iu3_0P,3iu3_1P,3iu3_2P
1ggb_0,1ggc_0:
4qt5_0,4qt5_1:
:7cj2_1PH,7cj2_0PH
:6bb4_2P,6bb4_1P,6bb4_0P
:1nak_0P,1nak_1P
1uwe_1,1uwe_0,1uwe_2:
:5d70_0P
:5d71_0P
:5vyf_0P,5vyf_1P
:4wht_6P,4wht_10P,4wht_7P,4why_0P,4why_3P,4wht_1P,4wht_5P,4wht_9P,4wht_2P,4wht_3P,4wht_4P,4why_1P,4why_2P,4wht_8P,4wht_0P,4wht_11P
6ztd_0:
3cfc_0:3cfb_1H,3cfb_0H
:4lu5_0P,4lu5_1P
3sgd_0:3sgd_1P,3sge_1P,3sge_0P
6ghg_0,6ghg_1:
:6aq7_0P
:5dtf_1H,5dtf_0P
6vl9_0,6vl9_1:6vl8_3P,6vl8_2PH,6vl8_1P,6vl8_0P
:4xxd_1P,4xxd_0P
:5dlm_0P,5dlm_1P
7oo2_0,7oo2_1:
:5xaj_1P,5xaj_2P
:1ggi_0P,1ggi_1P
:4qex_1P,4qex_0P
:5uhy_0P,5uhy_1P
5n4g_0:
:4rav_0P
:4rav_1P
:6mv5_0P,6e4z_0P,6e4y_0P
:4okv_1P,4okv_0P
:6i9i_1P,6i9i_0P
5waw_0:
:2yk1_0H,2ykl_0H
4hxb_0:
4ma3_0,4ma3_1:4o4y_0P
5dr5_0:
6i1o_0:6i3z_0P
:6xuk_0H
3nzh_0:
:6osh_0P
:1baf_0H
:3d85_0P
:5kvg_0P
:5nhr_0P,5nh3_1P,5nhr_1P,5nh3_0P
5nhw_0:
:5ngv_0PH
1nld_0:
6ana_0:
4wcy_0:
:1qfw_0P
:6ad0_0P
4x8j_1,4x8j_0:
:6w16_0P
:6pdu_0P
5ifh_0:
5i8k_0:
:6djp_1PH
:2vh5_0P
1ngz_0:1ngx_0H,1ngx_1H,1n7m_0H
2z92_0,2z91_1,2z91_0:2z93_0H
:6ba5_3P,6ba5_0P,6ban_1P,6ba5_2P,6ban_0P,6ba5_1P,6ban_3P,6ban_2P
:1e4x_0P,1e4w_0P
1ngy_0:1ngw_0H,3fct_1H,1ngw_1H,3fct_0H
6qu9_1,6qu9_0:
:4qyo_0P,4r3s_0P,4qxt_0P,4qy8_0P
:7mzh_0P,7mzh_1P
:7mkl_0P,7mkm_0P
:6ldv_0P
1fl3_1:1fl3_0H
1ub6_0,1ub6_1:
:6nmv_0P
:5tbd_0P,5tbd_2P,5tbd_3P,5tbd_1P
:6csf_1P,6cse_0P,6cse_1P,6csf_0P
:6cxc_0P,6cxc_1P,6cxc_2P
1igy_0,1igy_1:
:6gv1_0P
:1e4x_1P
:5tih_0P
:4z0x_0P
:6obd_0P,6obd_1PH
:1mex_0H
:6t3f_0PH
:7d9z_0H,7daa_0P
:6bfq_1P,6bfq_3P,6bfq_2P,6bfq_0P
2rcs_0:1aj7_0H
:5dmg_2P,5dmg_0P,5dmg_1P
:1ine_0H,1ind_0H
:2oz4_0P
:5nbw_0H,5nbw_1H
1psk_0:
1jnl_0:1jnn_0H
:5kte_0P,6d9w_0P
3s62_0:
:5ikc_1P,5ikc_0P
1ghf_0:
1hkl_0:1gaf_0H
5obf_0:
:7dce_0P
5n4j_0:
4uok_0:
5ayu_0:3hfm_0P,1c08_0P,2dqj_0P,6p4a_0P,3d9a_0P
:3a67_0P
:3a6b_0P,4ckd_0P,4ckd_3P,4ckd_2P,4ckd_1P
:1j1p_0P
:3a6c_0P
:1j1o_0P
:1j1x_0P
:2dqi_0P
:2dqf_1P,2dqf_0P
:6nfn_1H,6nfn_0H,6nfn_2H,6nfn_6H,6nfn_3H,6nfn_7H,6nfn_4H,6nfn_5H
2vxu_1,2vxu_0:2vxt_0P
:1ua6_0P,1uac_0P
:5yy5_0P
:5yy5_1P
:1fj1_1P,1fj1_0P
:7e3c_0P
:3t2n_0P,3t2n_1P
:4o51_3P,4o51_0P,4o51_1P,4o51_2P
3u0w_0:
:3j70_1P,3j70_2P,3j70_0P
:5kqv_0P,4zxb_1P,5kqv_1P
1p4i_0:
:1nsn_0P
:5vjq_1P,5vjq_3P,5vjq_0P,5vjq_2P
:2dqh_0P
:1xgu_0P
:2y6s_0P,2y6s_1P
1dqq_1,1dqq_0,1dqm_0:1nbz_0P,1dqj_0P,1nby_0P
:6dc9_0P,6dc9_1P
1bbj_0,1bbj_1:
:2eiz_0P
:1z3g_0P,1z3g_1P
:1ic7_0P
6p4c_0:6p4b_1P,6p4b_0P
:1xgr_0P
:6k65_0P
:1p4b_0P
:1ic5_0P
:5vjo_0P,5vjo_1P
:2dqg_0P
:6bit_1P,6bit_0P
:6ogx_1P,6okm_0P
:2yss_0P
:1xgq_0P
5ggq_0:5ggr_1P,5wt9_0P,5ggr_0P
:2eks_0P
:2dqc_0P
:2r4r_0P,3kj6_0P,2r4s_0P
:6cwt_0P,6cwt_1P
1emt_0:
:2dqd_0P
:1xgp_0P
:2dqe_0P
:1ndg_0P
:6ct7_0P,6ct7_1P
:1ic4_0P
:1xgt_0P
:7ks9_0P
:1dl7_0H
:1ndm_0P
:5ljy_0P
:5gir_1P,5gis_0P,5gir_0P
4at6_1,4at6_2,4at6_6,4at6_5,4at6_0,4at6_3,4at6_7,4at6_4:
:5tr1_1P,5tqq_0P,5tr1_0P,5tqq_1P
:6x1u_0P,6x1u_1P
3iy2_0:
:5zxv_1P,5zxv_0P
1c5b_0:1c5c_0H
1cfq_0:1cft_0P,1hh9_0P,1hi6_0P,1cfs_0P,1hh6_0P,1bog_0P,1cfn_0P
:5kvl_0H
4kph_0,4kph_1:
:2q8a_0P
:6ldw_1P,6ldw_0P
3iy4_0:
:7e23_0P
:2q8b_0P
:5ye3_0P
:5ye4_1P,5ye4_0P
:7fej_0P
:7fei_0P
1fh5_0:
:7d3k_0P
3iy1_0:
6nex_0:
6nex_1:
6xux_0:
6qd6_1,6qd6_0:6qd6_2P
:6huo_0P,6hug_0P,6huj_0P,6hup_0P,6huk_0P
:7a5v_0PH,6qfa_2PH,6qfa_3PH,6qfa_1PH,6qfa_0PH,6qfa_4PH
:6xvi_0P
6xv8_0:6xv8_1P
:5aaw_3P,5aaw_2P,5aaw_1P,5aaw_0P
:5aam_0P
6wzn_1,6wzn_0:
5wb2_0:
5wb1_0:4xt1_0P
7jwb_2:
1jp5_0:1jp5_2P,1svz_0P
5fcs_1,5fcs_0:
7jkb_0:
:6qkd_0P,6qkd_1P
5wts_0:
:4pfe_0P,4pfe_1P
7kqy_0:7kqy_1P,7kqy_2P
6mg4_0,6mg5_0:
2omn_0,2omb_0,2old_0,2omb_1:
4unu_1:1mcn_0P,1mcc_0P,1mch_0P,1mcj_0H,1mcr_0P,1mcs_0P,1mcd_0P,5acl_0H,1mce_0P,1mci_0P,1mcb_0P,1mck_0P,1mcq_0P,4unu_0H,1mcl_0P,1mcf_0P
6grz_0:
1jvk_0,1lgv_0,1lhz_0:
5m6a_1,5m6a_0:
1dcl_0:
1bjm_0,3bjl_0,4bjl_0:
7lmp_0,6w4y_0,7lmr_0,7lmq_0,7lmo_0,7lmn_0:
2mcg_0,3mcg_0:1a8j_0H
5mud_0:
1mcw_0:
5m76_0:
5mtl_0,5mtl_1:
:6pyc_0H
6l98_0:
5muh_0:
1b6d_0:
1lil_0:
5mvg_0:
2vyr_5:2vyr_4P,2vyr_2P,2vyr_3P,2vyr_0P,2vyr_1P
5whz_1:
:7jwb_1P
4jvp_0:
3qyc_0:
:7d2z_0P,7d30_0P
6ksn_0:7d5q_0P,7d5p_1P,7d5p_0P,7d5q_1P
7b17_1:7kn6_0P,7ksg_2P,7b18_1P,7kn5_0P,7b18_5P,7b18_4P,7b18_0P,7b14_0P,7kn5_1P,7b18_3P,7ksg_1P,7ksg_0P,7b17_0P,7b18_2P
5vm4_2,5vm4_3,5vm4_6,5vm4_7,5vm4_8:5vm4_4P,5vm4_1P,5vm4_5P,5vm4_0P
5i0z_0:
4tyu_0,4u7s_0:
4w68_0:
4u05_0:
:2x89_2P,4kdt_0P,2x89_1P,2x89_0P
6nou_0:
3h3b_1,3h3b_3:3h3b_0P
2gjj_1,2gjj_3:2gjj_0P
:5u68_2P,5u68_0P,5u68_1P
1x9q_1:1x9q_0H
6uy3_0,6uup_1,6uup_0:6uup_3P,6uup_2P
5hdo_2,5hdo_3,5hdo_1,5hdo_0:5hgg_0PH
6j71_1:
5c2b_0:
5j74_1:5j75_0PH,5j74_0P,5j75_1PH
6tcs_1:
6ffj_6,6ffj_3,6ffj_4,6ffj_0,6ffj_5,6ffj_1,6ffj_7:6ffj_2P
5c6w_1,5c6w_0:
:4f9l_0P,4f9l_1P
7epu_1:7epu_0P
:5ocl_1P,5ocl_3P,5ocl_5P
:5yd4_2P,5yd3_2P,5yd3_0P,5yd4_0P,5yd5_1P,5yd4_3P,5yd3_1P,5yy4_0P,5yd3_3P,5yd5_0P,5yd4_1P
:5wn9_0P
2ap2_3,2ap2_1:2ap2_2P,2ap2_0P
4buh_1,4buh_0:
6kn9_1:
3bd5_1,3bd4_1,2gki_0:3bd5_0H,2gki_1P,3bd4_0H
5uk0_1,5ujz_1,5uk1_1,5uk2_1,5ujz_5,5uk2_3,5uk1_3,5uk0_3,5uk2_5,5ujz_3,5uk0_5,5uk1_5:
4yjz_1:
:5u0u_0P,5u0u_1P,5u0u_2P,5u0u_3P
:7jum_0P,7jum_1P,7jum_2P
4h0g_0:5i4f_0H,4h0i_0H,4h0h_0P,5vf2_0H
:6tou_0P
:6ul6_0P,6ui1_2P
:6cbp_0H
6kn9_3:
4p48_0:
3juy_3,3juy_5,3juy_1,3juy_2,3juy_4,3juy_0:
7k63_1,7k60_3,7k61_3,7k61_1,7k60_1,7k5x_1,7k63_3,7k5x_3,7k5y_3,7k5y_1:
6oan_3,6oan_1:6oan_0P,6oan_2P
:6pcu_2P,6pcu_0P,6pcu_1P
7cyv_1:7cyv_0P
6ejg_1,6ejg_3:
3fku_11,3fku_1,3fku_7,3fku_3,3fku_5,3fku_9:3fku_4P,3fku_0P,3fku_10P,3fku_2P,3fku_8P
3ux9_1,3ux9_3:3ux9_0P,3ux9_2P
:5lx9_0PH,5lxa_0PH
:7deo_0P,7deo_1P
:6i07_0P,6i07_1P
6z1z_0:
:7omn_1P,7omn_0P
:5npj_0P,5npi_0P,5npj_1P,5npi_1P
3esv_2,3etb_5,3etb_3,3etb_7,3etb_1,3esv_3,3esv_1:3etb_4P,3etb_2P,3etb_0P,3etb_6P,3esv_0P
5f3j_3,5f3j_1:
7f8w_0:7e33_0P,7jhj_0P,7cmv_0P,7dfl_0P,6xbj_0P,6n4b_0P,7ew7_0P,6lml_0P,6wwz_0P,7ew0_0P,7evz_0P,6oik_0P,6xbm_0P,6k41_0P,7e9g_0P,7jvr_0P,7e9h_0P,7l1u_0P,6lfo_0P,6dde_0P,6lfm_0P,6oij_0P,6os9_0P,7ew4_0P,6pt0_0P,6xox_0P,7l1v_0P,7d77_0P,7e32_0P,6wha_0P,7exd_0P,6xbl_0P,7ew3_0P,6k42_0P,6xbk_0P,7aue_0P,7cmu_0P,6kpf_0P,7ew1_0P,7eb2_0P,6crk_0P,6vms_0P,7evy_0P,7ew2_0P,7db6_0P
:7ezm_0P,7f4f_0P,7f4h_1P,7f2o_0P,7dw9_1P,7ezh_0P
:7k93_1P,7k93_2P,7k93_0P,7k93_3P
6lfx_1,6lfw_1,6lfv_1:6lfx_0H
:7kh0_0P
6cvk_1,6cvk_3:
:6ejm_1P,6ejm_0P
:6ek2_1P,6ek2_0P
6uqr_1,6uqr_0:
5ogi_1,6eqc_1,6eqc_3,6eqc_5:
:6omm_0P
:5jym_1P,5jym_0P
7f9z_0:
6qb4_0,6qf9_0,6qfc_0,6qf6_1,6qf6_3,6qb3_0,6qb9_1,6qb9_0,6qf9_1:6qf6_0P,6qf6_2P
2kh2_1:2kh2_0P
3et9_1,3et9_0:
5f72_0,5f72_1:
5b3n_0:
:4kv5_0P,4kv5_3P,4kv5_1P,4kv5_2P
:6kpg_0P
6cwd_5,6cwd_1,6cwd_7,6cwd_3:
1svz_2,1svz_1,1jp5_3,1jp5_1:
7lde_2,7lde_0:6njl_0P,6njn_0P,6njl_2P,7ldd_0P,7ldd_2P
:6yye_1P,6yye_0P
3esu_1:
:6oao_5P,6oao_3P,6oao_4P,6oao_0P,6oao_1P,6oao_2P
1ktr_1:1ktr_0P
5yax_0:5yax_1P
5kov_10,5kov_3,5kov_1,5kov_7,5kov_5:5kov_8P,5kov_6P,5kov_2P,5kov_9P
:4hjj_0P
:7det_1P,7det_0P
6ehv_0:
1f3r_1:1f3r_0P
6psc_1,6psc_2,6pk8_2,6pk8_0,6pil_0,6psc_0,6pk8_1,6pk8_3:
5kve_1:5kve_0P
:5jyl_1P,5jyl_0P
5fxc_0,6tgg_0,6fzq_0,5n7b_0,6frj_0,6fzr_0:5owp_0P
5dhx_1,5dhx_3:5dhx_2P,5dhx_0P
3wbd_3,3wbd_1:3wbd_0H
6ehw_0:
5a2j_0,5a2k_0:5a2i_0H,5a2l_0P
7obf_0:
:4f9p_1P,4f9p_0P
6e0c_0,7k78_0,6e0c_1,7k78_1,6dzt_0,6dzt_1,6e0p_0,6e0p_1:
6ehy_0:6ehy_1P
:3uze_1P,3uze_0P,3uzq_0P,3uzv_0P,3uyp_0P
:7jtr_2P,7jtr_0P,7jtr_1P,7jtr_3P
4p49_0:
6k4z_1,6k4z_3:6k4z_0H,6k4z_2H
3auv_9,3auv_5,3auv_7,3auv_3,3auv_1,3auv_11:3auv_4P,3auv_10P,3auv_0P,3auv_2P,3auv_8P
5vf6_0,5vf6_1:
4w2p_0,4w2p_1:4w2p_2P
6y6c_0:6y6c_1P
:7deu_0P
:7rk1_0P
:5dfw_0P
7rk2_3,7rk2_1:7rk2_0P,7rk2_2P
3gm0_0,4lar_0,4las_0,3gkz_0,4laq_0:
2x1o_0:
:6g8r_0P
:3umt_0H
:4nik_0P
:6ikm_2P,6ikm_8P,6ikm_6P,6ikm_14P,6ikm_17P,6ikm_15P,6ikm_12P,6ikm_9P,6ikm_5P,6ikm_11P,6ikm_13P,6ikm_3P,6ikm_0P,6ikm_1P,6ikm_10P,6ikm_4P,6ikm_7P,6ikm_16P
5nm0_0,5nml_4,5nml_3,5nm0_1,5nml_5,5nml_2,5nm0_2:5nml_8P,5nml_1P,5nml_9P,5nml_7P,5nml_6P,5nml_0P
1yc8_0,1yzz_0:
:6hud_2P,6hud_0P,6hud_3P,6hud_1P
:6o8d_1P,6o89_0P
:2ghw_1P,2ghw_0P
5fcs_2:
6dsi_0:
1qok_0:
5d9q_8,5wdu_1,5d9q_2,5d9q_5,5wdu_5:5wdu_0P,5wdu_2P,5wdu_4P,5d9q_4PH,5d9q_7PH,5d9q_1PH
:7rk1_1P
5gru_1:5gru_0P
1h8n_0,1h8n_1:
4gqp_0:
5wdu_3:
6ehx_0:
6t2j_0:6sc7_0P,6sc5_0P,6sc6_0P,6sc9_0P,6sc8_0P
1moe_1,1moe_3:1moe_0P,1moe_2P
1h8o_3,1h8o_1,1h8s_1,1h8s_3:
1ohq_0:
:1lmk_3P,1lmk_0P,1lmk_2P,1lmk_1P
:1dzb_1P,1dzb_0P
:6qtl_1PH,6qtl_2H,6qtl_3PH,6qtl_0H
:6kr0_2P,6kr0_3P,6kr0_0P,6kr0_1P
4k07_2,4k07_1:4k07_0P,4k07_4P,4k07_3P
:6vrp_1P,6vrp_0PH
:6yxg_0PH
7ah1_0:
:6mn7_0H,6mn7_1H,6mn7_2H
7kbm_0:6vun_1PH,6vun_0PH
7kbp_2,7kbp_3,7kbp_0,7kbp_1:
:6vuo_1PH
7kbo_0:6vuo_0PH
2znw_3,2znw_1:2znw_2PH,2znw_0PH
6vup_0:
5wym_0,5wym_1:
4ouo_1:
:6o89_1P,6o8d_0P
1nqb_0,1nqb_1:
:5iwl_1PH,5iwl_0P
:5fhx_1P
:5gry_0P,5gry_1P
:5grx_1P,5grx_0P
:5grz_1P,5grz_0P
5gs2_1:
3lrg_1:3lrh_2P,3lrh_3P,3lrh_0P,6k69_0P,6k6b_0P,6k3m_0P,6k67_0P,6k64_1P,6k67_1P,6k64_0P
:7cu5_1P,7cu5_0P
4cau_1,4cau_0:
:5gs3_1P,5gs3_0P
:3lrh_1P
:5gs1_10P,5gs1_7P,5gs1_6P,5gs1_4P,5gs1_5P,5gs1_9P,5gs1_3P,5gs1_2P,5gs1_8P,5gs1_1P
:5grw_0P,5grw_1P
:6yxf_0PH
5gru_3:5gru_2P
1qac_0:
1ek3_0:
2znx_1,2znx_3:2znx_0PH,2znx_2PH
:4k3h_3PH,4k3h_5PH,4k3h_1PH,4k3g_1PH,4k3h_2PH,4k3h_0PH,4k3g_0P,4k3h_4PH
1eeu_0:
1eeq_0:
4lve_0:
3upc_3:3upc_4H,3upc_2P,3upc_1H,3upc_0PH
:5hcg_1P
3bd3_0:
:6dzy_1P,6dzw_0PH
5l6q_0:
:2w0l_0P,2w0l_1P
3b5g_0:3bdx_0H,3bdx_1P
2cd0_0:
5c9k_2,5c9k_0,5c9k_3,5c9k_4,5jpj_0,5jpj_1,2mkw_0,5c9k_1:
3u79_1:3u79_0P
1cd0_0:
3u79_3:3u79_2P
3j8d_3,3j8d_0,3j8d_1,3j8d_2:
6sm2_0:
:4unt_1P,4unt_2P,4unt_0P,4unt_3P
5t93_1:5t93_0P
:5acm_0H
:7jo8_0H
:4n1e_3P,4n1e_0P,4n1e_2P,4n1e_1P
3cdc_0:
1bww_0:
2kqn_0:
5xqy_2,5xqy_0,5xp1_2,5xp1_3,5xqy_1,5xp1_4:5xp1_1P,5xp1_6P,5xp1_0P,5xqy_5P,5xqy_6P,5xqy_4P,5xp1_5P,5xqy_3P
2kqm_0,3cdf_2,3cdf_1:
3cdy_0:
2q20_0:
3cdf_3:3cdf_0P
1wtl_0:
4aiz_0:
1qp1_0,1b0w_1,1bre_2,1b0w_2,1b0w_0,1bre_0,1bre_1:
4aiz_1:
:4n1c_0P
1rei_0:
3upa_0:
1ivl_0:
1qp1_1:
4aix_0,4aix_1:
4x4z_0:
4aj0_1,4aj0_0:
:6ic3_5P,6ic3_3P,6ic3_2P
6y1r_3:6y1r_0P,6y1r_4P,6y1r_1P,6y1r_2P
:6oca_1P,6oca_0P
:6xym_1P,6xym_0P
:3k3q_0P
:6rul_0H
:5o0w_0P,5o0w_2P,5o0w_3P,5o0w_1P
:6rum_0H
:5o03_1P,5o03_0P
:7d8b_1P,7d8b_0P
:7d6y_0P
:1jtp_1P,1mel_1P,1jtp_0P,1jtt_0P,1jto_1P,1mel_0P,1jto_0P
:1zmy_0P
:5lhq_0P,5lhp_0P,5lhn_0PH
6x02_0,6x03_0:
:6ao0_1P
:1xfp_0P
:5u4m_0P,5u4l_0P
:5foj_0P
4w81_0,4w70_0:
:6uht_1P,6uht_0P
:7ldj_3P,7lx5_0P,7ldj_2P,7ldj_0P,7ldj_1P
6jri_3,6jri_7,6jri_4:6jri_6P,6jri_1P,6jri_2P,6jri_0P,6jri_5P
:5gxb_0P
:6ey6_7P,6ey6_0P,6ey6_3P,6ey6_4P,6ey6_2P,6ey6_1P,6ey6_5P,6ey6_6P
5fwo_0:
4krn_0:4kro_0P
:4hep_0P
7eh3_0:
:6knm_0P
:7now_1P,7now_0P
:7r98_1P,7r98_2P,7r98_0P
4qgy_0,4qgy_1:4y7m_1P,4y7m_0P
:6ssp_0P,6ssp_1P
6cwk_0:6cwg_0P,6cwg_1P
:5j56_0P
:4w6y_0P
:4lgs_0P
6fys_4,6fys_5,6fys_2,6fys_3:6fyw_0PH,6fys_0P,6fys_7P,6fys_6P,6fys_1P
6x03_1:
1i3v_0:1i3v_1P,1i3u_0H
6z3x_1,6z3x_0:
:6rqm_0P
:6xox_1P,7kh0_1P,7jjo_0P,6wzg_0P,7f4d_0P,6pb1_0P,7cfm_0P,7cx4_0P,7rtb_0P,7ckx_0P,6x1a_0P,7ki0_0P,7evm_0P,7bb7_0P,6x19_0P,7f4i_0P,7dhr_0P,6li3_0P,6lpb_0P,6p9y_0P,6nbf_0P,7f4h_0P,7dh5_0P,7ljc_0P,7d3s_0P,7crh_0P,7bb6_0P,6vcb_0P,7ki1_0P,5uz7_0P,7v9m_0P,6p9x_0P,6lmk_0P,6e3y_0P,7cx2_0P,6nbi_0P,6m1i_0P,7dw9_0P,3sn6_0P,6uva_0P,7bz2_0P,7c2e_0P,7bw0_0P,7dhi_0P,7mbx_0P,7evw_0P,7fig_0P,7cfn_0P,6wi9_0P,7jv5_0P,7d7m_0P,6x18_0P,6gdg_0P,7dur_0P,7dty_0P,6uus_0P,6whc_0P,7ckz_0P,7f9y_0P,7f9z_1P,6ni3_0P,7e14_0P,6nbh_0P,7cx3_0P,7cky_0P,7ckw_0P,6m1h_0P,7f16_0P,7joz_0P,7jvq_0P,7cz5_0P,7d68_0P,6b3j_0P,7duq_0P,7jvp_0P,6pb0_0P,5vai_0P,6vn7_0P,6wpw_0P,6niy_0P,7ljd_0P,6uun_0P
:4tvs_0P,4tvs_1P
:6z10_0P,6rnk_0P,6ibb_1P,6ibb_0P
:5vm6_0H
:6oya_0P
6ezw_0:6f0d_1P,6f0d_0P
:4lhq_0P,4lhq_1P
:7p78_4P,7p77_4P,7p77_5P,7p78_3P,7p7a_1P,7mfu_1P,7mfu_3P,7p77_3P,7p7a_0P,7klw_1P
:5f1o_0P
:7n0i_3P,7n0i_0P,7n0i_1P,7n0i_2P
:6oq5_0P,6oq6_0P
:7a6o_0P,7eow_0P
:4kfz_0P,4kfz_1P
3eak_1,3eak_0:
:5jds_0P
:6kn9_0P
6jb9_0:1zvy_0P,6jb8_0P
:5boz_1P,5boz_4P,5boz_0P,5boz_3P,5boz_2P,5boz_5P
:5e1h_0P
3jbc_0:
:1qd0_0H
5m15_1:5m15_0P
:6z43_1P,6yz5_0P,6z2m_2P,6z2m_3P,6z43_2P,6z43_0P
:3rjq_0P,3r0m_0P,3r0m_1P
:5m2m_4P,5m2m_0P,5m2m_2P,5m2m_3P,5m2m_5P,5m2m_1P
4dka_1,4dk3_1:4dk3_0P,4dk6_1P,4dk6_0P,4dka_0P
7on5_0:7olz_0PH
:6zcz_0P,6zhd_2P,6zhd_0P,6zhd_1P
4s11_0:4s10_0P,6h1f_0P,4s10_1P
:6xw6_1P,6xw6_0P
:7p14_0P,7p16_0PH
:6itp_1PH,6itq_3H,6itp_0PH,6itq_0H,6itq_2H,6itq_1PH
:4i13_0P
:5n88_0P,5n88_1P
:3dwt_2P,3dwt_6P,3dwt_7P,3dwt_1P,3dwt_0P,3dwt_4P,3dwt_3P,3dwt_5P
:4n1h_0P,4n1h_1P
2xa3_0:
7rth_16,7rth_9,7rth_15,7rth_13,7rth_17,7rth_12,7rth_14,7rth_10,7rth_11:
:7anq_0P
:4fhb_0P
:5wb2_1P
:7e53_0P
:4ej1_1P,4eiz_0P,4eiz_1P,4ej1_0P
:1rjc_0P
5m14_1:5m14_0P
:6jb2_0P,6jb5_0P
5u65_0,5u65_1:
:4i1n_0P
4b5e_1:4b5e_0H
:7jwb_0P
:7n9c_0P,7n9c_1P
6y0e_1,6y0e_0:6xzf_0P
:6uc6_0P,6uc6_1P
:6rpj_2P,6rpj_0P,6rpj_3P,6rpj_1P
:7k7y_2P,7k7y_1P,7k7y_3P,7k7y_0P
1f2x_1,1f2x_0:1g6v_0P
:6zwk_5P,6zwk_3P,6zwk_0P,6zwk_2P,6zwk_1P,6zwk_4P
:5vxk_0P
:5vl2_2H,5vl2_0H,5vl2_7H,5vl2_5H,5vl2_3H,5vl2_4H,5vl2_6H,5vl2_1H
:5e0q_0P
5lz0_1,5lz0_0:6ey0_0P,6ey0_1P,6ey0_3P,6ey0_2P
:5td8_0P
1shm_2,1shm_0:1shm_1P,1shm_3P
:7dss_0P
:6uft_0P
6do1_2:6os0_0P,6do1_1P,6do1_0P
:6oz6_1P,6oz6_0P,6oyh_2P,6oyz_1P,6oyz_3P,6oyz_0P,6oyz_2P,6oyh_1P,6oyh_3P,6oz6_2P,6oz6_3P,6oyh_0P
5sv4_0,5sv4_1:5sv3_0P,5sv3_1P
:5ovw_1P,5ovw_2P,5ovw_3P,5ovw_0P,5ovw_4P,5ovw_5P
:6os2_0PH,6os1_0PH
:6lr7_0P
:6v7y_0P
:1mvf_0P,1mvf_1P
:6h70_1P,6h6z_0P,6h70_0P,6h6z_1P
:1kxt_1P,1kxt_0P,1kxt_2P
:6qgx_0P
5m13_0:
3jbe_0:
:5j57_0P,7kbi_0P
:3stb_0P,3stb_1P
5u64_0:
:6zg3_0P,6zg3_1P
:4i0c_1P,4i0c_0P
:7mdw_1P,7me7_1P
5tp3_1,5tp3_0:5toj_2P,5toj_1P,5toj_0P
:6qv0_1P,6qv0_0P,6quz_1P,6quz_0P
:5o8f_0PH,5ojm_3PH,5ojm_0PH,5ojm_2PH,5o8f_3PH,5ojm_1PH,5o8f_4PH,6a96_0PH,5o8f_1PH,6a96_1PH,5ojm_4PH,6a96_2PH,5o8f_2PH
:1zvh_0P
:4grw_0P,4grw_2P
6xxn_3,6xxn_1,6xxn_5:6xxn_4P,6xxn_2P,6xxn_0P
:5uk4_2P,5uk4_14P,5uk4_7P,5uk4_1P,5uk4_10P,5uk4_0P,5uk4_11P,5uk4_15P,5uk4_19P,5uk4_18P,5uk4_9P,5uk4_5P,5uk4_16P,5uk4_17P,5uk4_8P,5uk4_4P,5uk4_6P,5uk4_13P,5uk4_3P,5uk4_12P
:5mp2_1P,5mp2_0P
5vlv_0:5vm0_1PH,5vm0_0PH
:7d4b_0P
:6qv2_1P,6qv2_0P
:5iml_0P,5imk_0P,5imm_0P,5imo_0P
:4w6x_0P
5e7b_0:5e7f_1P,5e7f_2P,5e7f_0P
:7p60_0P,7p60_2P,7p60_1P
2x1q_1:2x1q_0P
6xxn_7:
:7n9e_0P
:7kn7_0P
:6ul4_0P
:6sge_1PH,6sge_0PH
2x1p_0,2x1p_3:2x1p_2P,2x1p_1P
7ooi_1,7ooi_0:
:4grw_5P,4grw_1P
:6ir2_0P
:2x6m_0P
:6gs7_0P,6gs1_0P,6gs4_0P
:5fuc_1P,5fuc_0PH
:6waq_1PH,6waq_0P
6xyf_0:
:6tej_0P
:6ir1_0P
:6x08_0P
:6x06_0P
:7kbk_0P
:6xxn_6P
:4krp_0P
:7e6u_1P,7e6u_0P
4aq1_1,4aq1_0:
:1ri8_0P
:7mjh_1PH,7mji_0P,7mjh_0P,7mjh_2P
:3fku_6P
:4pir_4P,4pir_3P,4pir_0P,4pir_1P,4pir_2P
:5c2u_0P
:6hjx_4P,6hjx_2P,6hjx_3P,6hjy_0P,6hjy_4P,6hjx_1P,6hjy_3P,6hjy_2P,6hjy_1P,6hjx_0P
:4krm_3PH,4krm_5PH,4krl_0PH,4krm_1PH,4krm_0PH,4krm_2PH,4krm_4PH
3qxu_2,3qxu_3:3qxt_0PH,3qxu_1P,3qxt_1H,3qxu_0P
:6hhd_0P,6hhd_1P,6her_0P
:6c9w_0P
6ck8_2:6ck8_1P,6fyt_0P,6ck8_0PH
:7mej_1P
:6gci_0P
:5tok_0P,5tok_2P
:6h15_0P,6h15_1P
:5vxm_0P
:6h02_0P
6ru3_0:6ruv_1P,6ruv_0P
1u0q_0,1u0q_1:
4qlr_1,4qlr_0:
:4gft_0P
6xxo_0:
:6kn9_2P
:6z6v_1P,6z6v_0P
3qxw_0,3qxw_1:3qxv_2PH,3qxv_0PH,3qxw_3P,3qxw_2P,3qxw_4P,3qxv_3H,3qxv_1H
:6f2g_0P,6f2w_0P
:7nqa_0PH,7nqa_1PH
:6qx4_3P,6hhu_1P,6qx4_1P
:4n9o_0P
:3ln9_0H
:3k80_1P,3k80_0P
:6eqi_0P
6xxp_0:
:5bop_0P,5bop_1P
:7kn5_3P,7kn5_2P
:4yga_3P,4yga_2P,4yga_0P,4yga_1P
:6ysq_1P,6ysq_0P
:4kml_0P
:5tok_1P
:5o02_0P
:6ui1_1P
:6i8g_0P
:7nqk_0P
:4w6w_0P
:5mje_0P
:1bzq_3P,1bzq_0P,1bzq_2P,1bzq_1P,2p49_0P
:4nc1_1P,4nc1_3P,4nbz_1P,4nc0_0P,4nbz_0P
:5vak_0P,5vaq_0P,5van_0P
:7lx5_1P
5lmj_0,5lmj_3:5lmj_1P,5lmj_2P
:6gkd_3P,6gkd_9PH,6gkd_1P,6gkd_11PH,6gkd_5PH,6gkd_7PH
:7a50_0P,7a50_1P
:7can_0P
:6n4y_1P,7dge_0P,7dge_1P,6n51_1P,6n4y_3P,6n51_0P,6n4y_0P,6n4y_2P,6n50_0P
:4nc1_2P,4nc1_0P,4nby_0P,4nbx_0P,4nby_1P
6dbg_1,6dba_0,6dba_1:6dbf_0P,6dbg_0P
:6gkd_8P,6gkd_4P,6gk4_0P,6gkd_6P,6gkd_2P,6gjs_0P,6gkd_10P,6gk4_2P,6gkd_0P
:5lwf_1P,5lwf_0P
:5f7l_0P,5f7l_1P
:7lvw_5P,7lvu_1P,7lvu_2P,7lvw_4P,7lvw_3P,7lvw_1P,7lvu_3P,7lvw_0P,7lvw_2P,7lvu_0P
5da4_1:5da4_0P,5da0_0P,5da4_2P
:4laj_0PH,4laj_1PH,4laj_2PH,4laj_3PH
:6fyu_2P,6fyu_0PH,6fyu_1P
:4hem_0P,4hem_2P,4hem_1P
:5nbd_0P
:6oc8_3P,6oc8_0P,6oc8_2P,6oc8_1P
:4grw_4P,5mzv_0P,4grw_3P
:6rvc_2P,6rvc_0P,6rvc_1P
:4c57_1P,5y7z_1P,5y7z_0P,5y80_0P,4c57_0P
:6zrv_0P
:5ukb_1P,5ukb_2P,5ukb_0P,5ukb_3P,5ukb_4P
:5f1k_0P,5f1k_1P
6k2i_0:
6heq_0:
4idl_0:
:3qsk_0P
:6yo6_0P,6ru5_0P,6ehg_0P
:3p9w_1P,3p9w_3P,3p9w_0P,3p9w_2P
:6z1v_0PH
:7olz_1P
:7c8w_0P
:5tjw_0P
6u14_1:6u12_0P,6u14_0P
:6qgw_0P
:5j1t_0P,5j1s_0P
:5nqw_0PH,5nqw_1PH
:6i53_0P
6iyn_0:
:6q6z_0P
:6rbb_0P,6rbb_2P,6rbb_1P,6rbb_3P
:6nfj_0P,6nfj_1P
:4ios_3P,4ios_0P,4ios_2P,4ios_1P
:7a0v_0P,7a17_2P,7a0v_1P,7a0v_2P,7a17_0P,7a17_1P
:5m2i_4P,5m2i_0P,5m2i_5P,5m2i_3P,5m2i_1P,5m2i_2P
:4qo1_0P
:6qgy_0P,6qgy_1PH
:4pou_0P
:6raf_0P,6ran_0P,6ral_0P,6rag_0P,6raj_0P,6ram_0P,6rai_0P,6rah_0P,6rak_0P
:6s0y_0P,6s0y_1P
4b50_0:7aej_0P
:6qxe_0P,6qpg_2P,6qxe_1P,6qx3_0P,6qpg_1P,6qpg_0P,6qpg_3P
:6tyl_5P,6tyl_4P,6ukt_1P
:2bse_1P,2wzp_5P,2wzp_2P,2wzp_1P,2wzp_0P,2wzp_3P,2bse_2P,2bse_0P,2wzp_4P
:5ivn_0PH,5ivo_0H
:6o3c_0P
:7jhh_1P,7phq_5P,7php_2P,7jhg_1P,7pij_2P,7phq_2P,7o31_1P,6ww2_1P
:7o06_1P,7o06_0P
6fpv_0:6fpv_1P
:7o0s_0P,7o3b_2P,7o3b_1P,7o3b_0P
:6xw4_0P,6xw4_1P
:6i6j_0PH,7rxc_1P
:5ktz_0P
:5ku2_0P
:5kwl_0P
:7php_1P
:3qxv_4PH
:4nc2_0P
:5c1m_0P,6b73_0P,6b73_1P
:4p2c_0P,4p2c_4P,4p2c_1P,4p2c_3P,4p2c_2P
:6yu8_0PH
:5hvg_0P,5hvh_0P,5hvg_1P
:7k84_0P
:5ku0_0P
:4mqs_0P,4mqt_0P
:3eba_0P
:7n0g_2P,7n0g_1P,7rxd_1P,7n0h_1P,7kgj_0P,7n0h_0P,7n0g_0P,7klw_0P
:4weu_0P,4weu_1P
:5ja8_1PH,5ja8_0PH,5ja8_2P,5ja8_3P
:7p5w_3P,7p5w_0P,7p5w_4P,7p5w_5P,7p5w_1P,7p5w_2P
:6obm_0P
:6gjq_0P,6gjq_3P,6gjq_2P,6gjq_1P
:6i2g_0P
:6h71_1P,6h72_1P,6h72_0P,6h71_0P
:3jbf_0P
:7n0r_0P,7n0r_1P
:7p5y_3P,7p5y_2P,7p5y_1P,7p5y_5P,7p5y_0P,7p5y_4P
:4ocm_1P,4ocl_0P,4ocm_0P,4ocl_1P,4ocn_0P,4ocn_1P
:7phq_1P,7pij_1P,7phq_4P
5lmw_0,6gzp_0:
:7oan_1P,7oan_0P,7oan_2P
7my3_0:7my3_1P,7my3_2P
:4qkx_0P,7bu6_0P,7bts_0P,4ldl_0P,6h7l_0P,6h7n_1P,6h7l_1P,6n48_0P,6h7o_1P,6h7o_0P,7bu7_0P,6h7n_0P,4ldo_0P,6h7m_1P,6h7m_0P,4lde_0P
:7jkm_1P
:1op9_0P
:2p4a_0P,2p4a_1P
:6gwn_1P,6gwp_1P,7aqg_1P
:4wen_0P
:4wem_0P
:6zbv_0P,6zpl_0P,6zpl_1P
:4lhj_0P
:6vi4_1P,6vi4_0P
4poy_0:
4ppt_0:
7bnp_0:
:1kxv_0P,1kxv_1P
:6ze1_0P
:3tpk_0H
7bnw_2:7bnw_1P,7bnw_3P,7bnw_0P
:3ezj_1P,3ezj_3P,3ezj_0P,3ezj_2P
:6h7j_1P,6ibl_0P,3p0g_0P,6h7j_0P,6ibl_1P
:7my2_0P,7my2_2P,7my2_1P
:4m3j_1P,4m3j_0P,4m3k_0P
:4x7d_0P,4x7e_1P,4x7c_0P,4x7e_0P,4x7c_1P,4x7d_1P
:5m94_0P,5m94_1P,4wgv_0P,5m95_0P,5m95_1P,4wgw_0P,4wgv_1P,4wgw_1P
3b9v_1,3b9v_3:3b9v_2P,3b9v_0P
:3k81_0P,3k81_1P
:1kxq_1P,1kxq_0P,1kxq_3P,1kxq_2P
:7a4t_0P
:5hm1_2P,5hm1_1P,5hm1_0P
:6ocd_1P
3jbg_0:
:6rtw_0P,6rty_0P
:6ukt_3P
:5o04_3P,5o04_1P
:6x05_0P
:6r7t_0P
:4u3x_0P,4pgj_0P,4u3x_1P,4pgj_1P
:3v0a_0P
:7azb_0P
:6gju_1P
:5lhr_0P
:6z20_1PH,6z20_0P
:3k7u_0P
3jbd_0:
:2p42_0P,2p43_0P,2p42_1P
:7kjh_1PH,7kjh_0PH
:1zv5_0P
:7kdu_0P
:6v80_0P,6v80_1P
:6war_0P,6war_7P,6war_5P,6war_1P,6war_2P,6war_6P,6war_4P,6war_3P
:7n9t_2P,7n9t_0P,7n9t_1P,7me7_0P
:7kc9_1P,7kc9_0P,7kdm_1P,7kdm_0P
:3zhd_0P,3zhd_1P
5m2w_1,5m2w_0:5mwn_0P,5m30_1P,5m30_0P,5mwn_1P,5mwn_2P,5m30_2P
5vxj_3,5vxj_4:5vxj_0P,5vxj_1P,5vxj_2P
:6obo_0P,6obo_1P
:6oq5_2P,6oq8_1P,6oq8_0P
:6u52_1P,6u50_0H,6u51_1P,6u52_0P,6u51_0P
:7kkj_0P,7kkl_1P,7kkl_2P,7kkj_1P,7kkl_0P
:6obe_0P
:6h16_0P
:6obc_0P
:4cdg_0P,4cdg_1P
3zhl_0:
:5jqh_1P,5jqh_0P
:6xzu_0P
:1sjx_0H
:6hhu_0P
:6qx4_2P,6qx4_0P
:5o05_0P,5o05_1P
1ol0_1,1ol0_0:
:5f21_0P
:3zhk_1P,3zhk_0P
:6ocd_0P
:6ukt_2P,6tyl_2P,6tyl_3P
:6j7w_0P,6j7w_1P
:3h3b_2P
:5ihl_2P,5dmj_2P,5ihl_3P,5dmj_0P,5dmj_1P,5ihl_0P,5ihl_1P
6dyx_0:
:7a4d_5P,7a4d_1P,7a4d_0P,7a4d_4P
:6eqc_2P,6eqc_4P,6eqc_0P,5ogi_0P
:7cz0_0P,7cz0_3P,7cz0_1P
6apq_0:4w2o_0P,4w2o_1P,4w2o_3P,4w2o_2P
5tsj_1,5tsj_0:
:5l21_0P
:6zxn_1P,6zxn_0P,6zxn_2P
:7kkk_1P,7kkk_0P,7kkk_2P
:5mwn_3P
:7km5_0P,7km5_1P
:5vnw_0P,5vnw_1P,5vnv_0H
:7a48_0P
:6obg_1P,6obg_0P
5m7q_1,5m7q_0:
:4w2q_2P,4w2q_1P,4w2q_3P,4w2q_0P
:7d3r_0P,7d3m_0P
:6v7z_1PH,6v7z_0P
:7epb_0P,7epb_1P,7e9g_2P,7e9g_1P
:7bc7_0P,7bc6_0P
:2p44_0P
2gjj_2:
:6qup_0PH
:5hvf_0PH,5hvh_1PH
5nlw_0,5nlu_0:
:4lgr_0P
:4ksd_0P
:5usf_1P,5usf_0P
:7kd0_0P
:5ocl_2P,5ocl_4P,5ocl_6P,5ocl_0P
:6fe4_4P,6fe4_0P,6fe4_2P,6fe4_3P,6fe4_1P
:6gju_0P,6gjs_1P
4b41_1,4b41_0:
:6xw5_0P,6xw5_1P
7mfv_0:7kgk_0P
1ieh_0:
:6gk4_1P,6gk4_3P
:6xw7_1P,6xw7_0P,6xw7_3P,6xw7_2P
:7mdw_0P,7n9a_0P,7n9b_1P,7mej_0P,7n9b_0P
1vhp_0:
:6h6y_2P,6h6y_3P,6h6y_1P,6h6y_0P
:4zg1_3P,4zg1_4P,4zg1_2P,4zg1_5P,4zg1_0P,4zg1_1P
:6c5w_0P,6c5w_1P
:6j71_0P
:4z9k_0P
:7jvb_0P,7jvb_1P
:6itc_0P
:6x04_2P,6x04_3P,6x04_1P,6x04_4P,6x04_0P,6x04_5P
5jmr_0:5jmo_1P,5jmr_1P,5jmo_0P
:5kov_0P,5kov_4P
1g9e_0,1hcv_0:
:6vbg_1PH,6vbg_0PH
:5g5r_0P,5g5x_0P
:3cfi_0P,3cfi_1P,3cfi_3P,3cfi_2P
:7kji_0P
:6dbe_1PH,6dbe_0PH
:5eul_0P
1yc7_1,1yc7_0:
:4lgp_0P,4lgp_1P
:5ja9_0PH,5ja9_1P
:7kd2_0P
:7dst_0P
:6x07_0P
:4eig_0P
:5vxl_0P
:6i8h_0P
:6u55_0P
6apo_0:6app_0P
:7cz0_2P
:7mfu_0P,7mfu_2P
:7aqg_0P,6gwp_0P,6gwn_0P,6gwq_0P
:2p47_0P,2p46_1P,2p45_0P,2p48_0P,2p46_0P
:7fg2_0P,7fg3_0P
:7ngh_0P
6hd8_0,6swr_0,6hdb_0,6hd9_0,6swr_1,6hda_0,6hdc_0:
3ogo_0,3ogo_3:3k1k_0P,3k1k_1P,3ogo_2P,3ogo_1P
1t2j_0:
:6lz2_0P,6lz2_1P
7r9d_1:
:5fv2_1P,5fv2_0P,5fv2_2P
6cnw_0:6cnv_0P
:6mxt_0P
:3wbd_2H
:7rnn_0P
:7c8v_0P
:7k65_0P
:6dbd_0P
:5my6_0P
:7p5v_5P,7p5v_2P,7p5v_0P,7p5v_4P,7p5v_1P,7p5v_3P
5lve_0:
:7p79_2P,7p77_1P,7p77_2P,7p79_1P,7p78_2P,7p78_1P,7p77_0P,7p78_0P,7p79_0P
:5m2j_0P
:7a25_2P,7a25_0P,7a29_2P,7a29_0P,7a29_1P,7a25_1P
:7p6k_0P,7p6k_2P,7p6k_1P
2lve_0,1lve_0:
:5f3j_2P,5f3j_0P
1maj_0,1mak_0:
:7czd_1P,7czd_0P
3lve_0:
:3k74_0P
2imm_0:
:5o04_0P,5o04_2P
:3zkq_0P,7d5u_0P,7d5b_0P,3zkx_0P,3zks_0P,4bel_0P,4bfb_0P,4bfb_1P,4bel_1P,6jsz_0P,3zlq_1P,7n4n_0PH,3zlq_0P
:6b20_1P,6b20_0P
:6ui1_0P,6ul6_1P
:4orz_0P
:6fv0_0P,6fuz_0P
:5o2u_0P,5o2u_1P
6x9x_0:
7a4y_0:7a4y_1P,7a4y_2P
3lrg_0:
:7apj_0P
6tcs_0:
5dxw_0:
2xxc_0:2xt1_0P,2xv6_0P,2xv6_1P,2xxm_0P
1efq_0:
2imn_0:
:6ni2_0P
5dfz_0:
:7dk7_0P
:5f97_0P,5f7y_1P,5f97_1P,5f8r_0P,5f8r_1P,5f7w_0P,5f97_3P,5f7y_0P,5f93_3P,5f93_2P,5f8q_1P,5f9a_0P,5f93_0P,5f7n_0P,5f7k_1P,5f7n_1P,5f7m_1P,5f7w_1P,5f97_2P,5f9d_0P,5f93_1P,5f7m_0P,5f8q_0P,5f7k_0P
:4x7f_0P,4x7f_1P
:7a4d_7P,7a4d_6P,7a4d_3P,7a4d_2P
5e03_0:5e5m_1P,5e5m_3P,5e5m_2P,5e5m_0P
6u53_0:6u54_0P
2rhe_0:
:6tyl_1P,6tyl_0P,6ukt_0P
:6ejg_0P,6ejg_2P
:5c3l_0P
:6itc_1P
4ouo_0:
:5omn_0P
:3t0v_0H,3t0w_0PH,3t0w_1PH
3muh_0:
5h8d_0:5h8o_0P
:5uk0_2P,5uk1_4P,5ujz_0P,5uk1_2P,5uk2_4P,5uk0_4P,5uk0_0P,5uk2_0P,5ujz_2P,5uk2_2P,5uk1_0P,5ujz_4P
1pw3_1,1pw3_0:
:6ao0_0P
5m6i_1:
:7l1v_1P
5m6i_0:
:6sm1_0H
5ir3_0:
2w0k_1,2w0k_0,2mmx_0:
6cvk_2:
:3g9a_0P
:6qv1_1P,6qv1_0P
6cvk_0:
:6cm3_5PH,6cm3_4PH,5jsa_1PH,5thr_3P,6cm3_3PH,5c7k_1PH,4p9h_0P,5a8h_1P,4p9m_0P,5a8h_5P,5a7x_3P,5thr_4P,5thr_5P,5a7x_5P,6edu_4PH,6edu_3PH,5js9_1PH,5a7x_4P,6edu_5PH,5a8h_3P
7k5x_2,7k61_2,7k5x_0,7k63_2,7k63_0,7k60_2,7k5y_2,7k60_0,7k61_0,7k5y_0:
:3t0x_1PH,3t0x_0PH
:6ssi_4P,6ssi_2P,6ssi_0P,6ssi_3P,6ssi_1P
:5viy_2PH,6nqd_1PH,7kde_4PH,5vj6_1P,6nqd_2PH,7kde_5PH,5cjx_2PH,5viy_3PH,6nqd_0PH,5vj6_3P,5cjx_1PH,7kde_3PH,5vj6_2P,5cjx_0PH,5viy_4PH
1oau_3,1oau_2:
1h8o_2,1h8s_2:
:3auv_6P
6cwd_2,6cwd_4,6cwd_0:6cwd_6P
6qkd_3,6qkd_5,6qkd_2,6qkd_4:
:6lfw_0H
6lfv_0:
:5ip4_1P,5ip4_0P
:7bm5_5P
3dvi_0:
:6k6a_0P,6k6a_1P
1pew_1,1pew_0:
1h8o_0:1h8s_0H
1ar2_0:
:4yjz_0P
:7kzb_1P
:2q1e_2P,2q1e_3P,2q1e_0P,2q1e_1P
3esu_0:
1oay_2,1oax_3,1oax_2,1oay_3:
:3zkx_1P
:7d3m_1P,7d3r_1P
6x9x_1:
:6oq5_1P,6oq7_0P
3bj9_0:
:5fv1_0P,5fv1_1P
4unv_0:
3u7a_0:
3dvf_0:
4l1h_0:
2bx5_14:2bx5_10P,2bx5_4P,2bx5_0P,2bx5_3P,2bx5_11P,2bx5_12P,2bx5_6P,2bx5_13P,2bx5_9P,2bx5_7P,2bx5_2P,2bx5_5P,2bx5_1P,2bx5_8P
1f6l_0:
1sjv_0:
:6ic3_0P,6ic3_4P,6ic3_1P
:6z1o_0P,6z1o_1P,6z1o_3P,6z1o_4P,6z1o_5P,6z1o_2P
